Waf: Entering directory `/home/stumble/learn/ndn/NFD/build'
[  1/143] Compiling core/version.hpp.in
[  2/143] Compiling core/common.hpp
15:43:49 [35mrunner[0m (exec) clang++ -O2 -g -pedantic -Wall -Wextra -Wno-unused-parameter -fcolor-diagnostics -Wno-unused-local-typedef -std=c++11 -pthread -pthread -pthread -x c++-header -I/home/stumble/learn/ndn/NFD/build -I/home/stumble/learn/ndn/NFD -I/home/stumble/learn/ndn/NFD/build/core -I/home/stumble/learn/ndn/NFD/core -I/usr/local/include -I/usr/include -DNDEBUG -DHAVE_NDN_CXX=1 -DBOOST_LOG_DYN_LINK -include ../core/common.hpp /home/stumble/learn/ndn/NFD/core/common.hpp -c -o /home/stumble/learn/ndn/NFD/build/core-objects.2.pch
[  3/143] Compiling tools/nfd-start.sh
[  4/143] Compiling tools/nfd-status-http-server.py
[  5/143] Compiling tools/nfd-status.sh
[  6/143] Compiling tools/nfd-stop.sh
[  7/143] Compiling nfd.conf.sample.in
[  8/143] Compiling daemon/table/pit.cpp
[  9/143] Compiling daemon/table/fib-nexthop.cpp
15:43:50 [35mrunner[0m (exec) clang++ -O2 -g -pedantic -Wall -Wextra -Wno-unused-parameter -fcolor-diagnostics -Wno-unused-local-typedef -std=c++11 -pthread -pthread -pthread -include /home/stumble/learn/ndn/NFD/build/core-objects.2 -I/home/stumble/learn/ndn/NFD/build/daemon -I/home/stumble/learn/ndn/NFD/daemon -I/home/stumble/learn/ndn/NFD/build -I/home/stumble/learn/ndn/NFD -I/usr/local/include -I/usr/include -DNDEBUG -DHAVE_NDN_CXX=1 -DBOOST_LOG_DYN_LINK ../daemon/table/fib-nexthop.cpp -c -o /home/stumble/learn/ndn/NFD/build/daemon/table/fib-nexthop.cpp.3.o
15:43:50 [35mrunner[0m (exec) clang++ -O2 -g -pedantic -Wall -Wextra -Wno-unused-parameter -fcolor-diagnostics -Wno-unused-local-typedef -std=c++11 -pthread -pthread -pthread -include /home/stumble/learn/ndn/NFD/build/core-objects.2 -I/home/stumble/learn/ndn/NFD/build/daemon -I/home/stumble/learn/ndn/NFD/daemon -I/home/stumble/learn/ndn/NFD/build -I/home/stumble/learn/ndn/NFD -I/usr/local/include -I/usr/include -DNDEBUG -DHAVE_NDN_CXX=1 -DBOOST_LOG_DYN_LINK ../daemon/table/pit.cpp -c -o /home/stumble/learn/ndn/NFD/build/daemon/table/pit.cpp.3.o
[ 10/143] Compiling core/network-interface-predicate.cpp
15:43:50 [35mrunner[0m (exec) clang++ -O2 -g -pedantic -Wall -Wextra -Wno-unused-parameter -fcolor-diagnostics -Wno-unused-local-typedef -std=c++11 -pthread -pthread -pthread -include /home/stumble/learn/ndn/NFD/build/core-objects.2 -I/home/stumble/learn/ndn/NFD/build -I/home/stumble/learn/ndn/NFD -I/home/stumble/learn/ndn/NFD/build/core -I/home/stumble/learn/ndn/NFD/core -I/usr/local/include -I/usr/include -DNDEBUG -DHAVE_NDN_CXX=1 -DBOOST_LOG_DYN_LINK ../core/network-interface-predicate.cpp -c -o /home/stumble/learn/ndn/NFD/build/core/network-interface-predicate.cpp.2.o
[ 11/143] Compiling daemon/main.cpp
15:43:50 [35mrunner[0m (exec) clang++ -O2 -g -pedantic -Wall -Wextra -Wno-unused-parameter -fcolor-diagnostics -Wno-unused-local-typedef -std=c++11 -pthread -pthread -pthread -I/home/stumble/learn/ndn/NFD/build/daemon -I/home/stumble/learn/ndn/NFD/daemon -I/home/stumble/learn/ndn/NFD/build -I/home/stumble/learn/ndn/NFD -I/usr/local/include -I/usr/include -DNDEBUG -DHAVE_NDN_CXX=1 -DBOOST_LOG_DYN_LINK ../daemon/main.cpp -c -o /home/stumble/learn/ndn/NFD/build/daemon/main.cpp.5.o
[ 12/143] Compiling tools/nfdc/legacy-nfdc.cpp
15:43:52 [35mrunner[0m (exec) clang++ -O2 -g -pedantic -Wall -Wextra -Wno-unused-parameter -fcolor-diagnostics -Wno-unused-local-typedef -std=c++11 -pthread -pthread -pthread -include /home/stumble/learn/ndn/NFD/build/core-objects.2 -I/home/stumble/learn/ndn/NFD/build/tools/nfdc -I/home/stumble/learn/ndn/NFD/tools/nfdc -I/home/stumble/learn/ndn/NFD/build -I/home/stumble/learn/ndn/NFD -I/usr/local/include -I/usr/include -DNDEBUG -DHAVE_NDN_CXX=1 -DBOOST_LOG_DYN_LINK ../tools/nfdc/legacy-nfdc.cpp -c -o /home/stumble/learn/ndn/NFD/build/tools/nfdc/legacy-nfdc.cpp.5.o
[ 13/143] Compiling daemon/face/face.cpp
15:43:52 [35mrunner[0m (exec) clang++ -O2 -g -pedantic -Wall -Wextra -Wno-unused-parameter -fcolor-diagnostics -Wno-unused-local-typedef -std=c++11 -pthread -pthread -pthread -include /home/stumble/learn/ndn/NFD/build/core-objects.2 -I/home/stumble/learn/ndn/NFD/build/daemon -I/home/stumble/learn/ndn/NFD/daemon -I/home/stumble/learn/ndn/NFD/build -I/home/stumble/learn/ndn/NFD -I/usr/local/include -I/usr/include -DNDEBUG -DHAVE_NDN_CXX=1 -DBOOST_LOG_DYN_LINK ../daemon/face/face.cpp -c -o /home/stumble/learn/ndn/NFD/build/daemon/face/face.cpp.3.o
[ 14/143] Compiling daemon/table/name-tree-hashtable.cpp
15:43:53 [35mrunner[0m (exec) clang++ -O2 -g -pedantic -Wall -Wextra -Wno-unused-parameter -fcolor-diagnostics -Wno-unused-local-typedef -std=c++11 -pthread -pthread -pthread -include /home/stumble/learn/ndn/NFD/build/core-objects.2 -I/home/stumble/learn/ndn/NFD/build/daemon -I/home/stumble/learn/ndn/NFD/daemon -I/home/stumble/learn/ndn/NFD/build -I/home/stumble/learn/ndn/NFD -I/usr/local/include -I/usr/include -DNDEBUG -DHAVE_NDN_CXX=1 -DBOOST_LOG_DYN_LINK ../daemon/table/name-tree-hashtable.cpp -c -o /home/stumble/learn/ndn/NFD/build/daemon/table/name-tree-hashtable.cpp.3.o
[ 15/143] Compiling rib/auto-prefix-propagator.cpp
15:43:54 [35mrunner[0m (exec) clang++ -O2 -g -pedantic -Wall -Wextra -Wno-unused-parameter -fcolor-diagnostics -Wno-unused-local-typedef -std=c++11 -pthread -pthread -pthread -include /home/stumble/learn/ndn/NFD/build/core-objects.2 -I/home/stumble/learn/ndn/NFD/build -I/home/stumble/learn/ndn/NFD -I/usr/local/include -I/usr/include -DNDEBUG -DHAVE_NDN_CXX=1 -DBOOST_LOG_DYN_LINK ../rib/auto-prefix-propagator.cpp -c -o /home/stumble/learn/ndn/NFD/build/rib/auto-prefix-propagator.cpp.4.o
[ 16/143] Compiling daemon/table/cs-policy.cpp
15:43:55 [35mrunner[0m (exec) clang++ -O2 -g -pedantic -Wall -Wextra -Wno-unused-parameter -fcolor-diagnostics -Wno-unused-local-typedef -std=c++11 -pthread -pthread -pthread -include /home/stumble/learn/ndn/NFD/build/core-objects.2 -I/home/stumble/learn/ndn/NFD/build/daemon -I/home/stumble/learn/ndn/NFD/daemon -I/home/stumble/learn/ndn/NFD/build -I/home/stumble/learn/ndn/NFD -I/usr/local/include -I/usr/include -DNDEBUG -DHAVE_NDN_CXX=1 -DBOOST_LOG_DYN_LINK ../daemon/table/cs-policy.cpp -c -o /home/stumble/learn/ndn/NFD/build/daemon/table/cs-policy.cpp.3.o
[ 17/143] Compiling daemon/face/udp-channel.cpp
15:43:57 [35mrunner[0m (exec) clang++ -O2 -g -pedantic -Wall -Wextra -Wno-unused-parameter -fcolor-diagnostics -Wno-unused-local-typedef -std=c++11 -pthread -pthread -pthread -include /home/stumble/learn/ndn/NFD/build/core-objects.2 -I/home/stumble/learn/ndn/NFD/build/daemon -I/home/stumble/learn/ndn/NFD/daemon -I/home/stumble/learn/ndn/NFD/build -I/home/stumble/learn/ndn/NFD -I/usr/local/include -I/usr/include -DNDEBUG -DHAVE_NDN_CXX=1 -DBOOST_LOG_DYN_LINK ../daemon/face/udp-channel.cpp -c -o /home/stumble/learn/ndn/NFD/build/daemon/face/udp-channel.cpp.3.o
[ 18/143] Compiling daemon/table/fib.cpp
15:43:59 [35mrunner[0m (exec) clang++ -O2 -g -pedantic -Wall -Wextra -Wno-unused-parameter -fcolor-diagnostics -Wno-unused-local-typedef -std=c++11 -pthread -pthread -pthread -include /home/stumble/learn/ndn/NFD/build/core-objects.2 -I/home/stumble/learn/ndn/NFD/build/daemon -I/home/stumble/learn/ndn/NFD/daemon -I/home/stumble/learn/ndn/NFD/build -I/home/stumble/learn/ndn/NFD -I/usr/local/include -I/usr/include -DNDEBUG -DHAVE_NDN_CXX=1 -DBOOST_LOG_DYN_LINK ../daemon/table/fib.cpp -c -o /home/stumble/learn/ndn/NFD/build/daemon/table/fib.cpp.3.o
[ 19/143] Compiling core/global-io.cpp
15:44:00 [35mrunner[0m (exec) clang++ -O2 -g -pedantic -Wall -Wextra -Wno-unused-parameter -fcolor-diagnostics -Wno-unused-local-typedef -std=c++11 -pthread -pthread -pthread -include /home/stumble/learn/ndn/NFD/build/core-objects.2 -I/home/stumble/learn/ndn/NFD/build -I/home/stumble/learn/ndn/NFD -I/home/stumble/learn/ndn/NFD/build/core -I/home/stumble/learn/ndn/NFD/core -I/usr/local/include -I/usr/include -DNDEBUG -DHAVE_NDN_CXX=1 -DBOOST_LOG_DYN_LINK ../core/global-io.cpp -c -o /home/stumble/learn/ndn/NFD/build/core/global-io.cpp.2.o
[ 20/143] Compiling daemon/table/cs-entry.cpp
15:44:01 [35mrunner[0m (exec) clang++ -O2 -g -pedantic -Wall -Wextra -Wno-unused-parameter -fcolor-diagnostics -Wno-unused-local-typedef -std=c++11 -pthread -pthread -pthread -include /home/stumble/learn/ndn/NFD/build/core-objects.2 -I/home/stumble/learn/ndn/NFD/build/daemon -I/home/stumble/learn/ndn/NFD/daemon -I/home/stumble/learn/ndn/NFD/build -I/home/stumble/learn/ndn/NFD -I/usr/local/include -I/usr/include -DNDEBUG -DHAVE_NDN_CXX=1 -DBOOST_LOG_DYN_LINK ../daemon/table/cs-entry.cpp -c -o /home/stumble/learn/ndn/NFD/build/daemon/table/cs-entry.cpp.3.o
[ 21/143] Compiling tools/nfdc/command-definition.cpp
15:44:02 [35mrunner[0m (exec) clang++ -O2 -g -pedantic -Wall -Wextra -Wno-unused-parameter -fcolor-diagnostics -Wno-unused-local-typedef -std=c++11 -pthread -pthread -pthread -include /home/stumble/learn/ndn/NFD/build/core-objects.2 -I/home/stumble/learn/ndn/NFD/build/tools/nfdc -I/home/stumble/learn/ndn/NFD/tools/nfdc -I/home/stumble/learn/ndn/NFD/build -I/home/stumble/learn/ndn/NFD -I/usr/local/include -I/usr/include -DNDEBUG -DHAVE_NDN_CXX=1 -DBOOST_LOG_DYN_LINK ../tools/nfdc/command-definition.cpp -c -o /home/stumble/learn/ndn/NFD/build/tools/nfdc/command-definition.cpp.5.o
[ 22/143] Compiling tools/nfdc/command-parser.cpp
15:44:02 [35mrunner[0m (exec) clang++ -O2 -g -pedantic -Wall -Wextra -Wno-unused-parameter -fcolor-diagnostics -Wno-unused-local-typedef -std=c++11 -pthread -pthread -pthread -include /home/stumble/learn/ndn/NFD/build/core-objects.2 -I/home/stumble/learn/ndn/NFD/build/tools/nfdc -I/home/stumble/learn/ndn/NFD/tools/nfdc -I/home/stumble/learn/ndn/NFD/build -I/home/stumble/learn/ndn/NFD -I/usr/local/include -I/usr/include -DNDEBUG -DHAVE_NDN_CXX=1 -DBOOST_LOG_DYN_LINK ../tools/nfdc/command-parser.cpp -c -o /home/stumble/learn/ndn/NFD/build/tools/nfdc/command-parser.cpp.5.o
[ 23/143] Compiling tools/ndn-autoconfig-server.cpp
15:44:02 [35mrunner[0m (exec) clang++ -O2 -g -pedantic -Wall -Wextra -Wno-unused-parameter -fcolor-diagnostics -Wno-unused-local-typedef -std=c++11 -pthread -pthread -pthread -include /home/stumble/learn/ndn/NFD/build/core-objects.2 -I/home/stumble/learn/ndn/NFD/build -I/home/stumble/learn/ndn/NFD -I/usr/local/include -I/usr/include -DNDEBUG -DHAVE_NDN_CXX=1 -DBOOST_LOG_DYN_LINK ../tools/ndn-autoconfig-server.cpp -c -o /home/stumble/learn/ndn/NFD/build/tools/ndn-autoconfig-server.cpp.1.o
[ 24/143] Compiling core/city-hash.cpp
15:44:02 [35mrunner[0m (exec) clang++ -O2 -g -pedantic -Wall -Wextra -Wno-unused-parameter -fcolor-diagnostics -Wno-unused-local-typedef -std=c++11 -pthread -pthread -pthread -include /home/stumble/learn/ndn/NFD/build/core-objects.2 -I/home/stumble/learn/ndn/NFD/build -I/home/stumble/learn/ndn/NFD -I/home/stumble/learn/ndn/NFD/build/core -I/home/stumble/learn/ndn/NFD/core -I/usr/local/include -I/usr/include -DNDEBUG -DHAVE_NDN_CXX=1 -DBOOST_LOG_DYN_LINK ../core/city-hash.cpp -c -o /home/stumble/learn/ndn/NFD/build/core/city-hash.cpp.2.o
[ 25/143] Compiling rib/propagated-entry.cpp
15:44:03 [35mrunner[0m (exec) clang++ -O2 -g -pedantic -Wall -Wextra -Wno-unused-parameter -fcolor-diagnostics -Wno-unused-local-typedef -std=c++11 -pthread -pthread -pthread -include /home/stumble/learn/ndn/NFD/build/core-objects.2 -I/home/stumble/learn/ndn/NFD/build -I/home/stumble/learn/ndn/NFD -I/usr/local/include -I/usr/include -DNDEBUG -DHAVE_NDN_CXX=1 -DBOOST_LOG_DYN_LINK ../rib/propagated-entry.cpp -c -o /home/stumble/learn/ndn/NFD/build/rib/propagated-entry.cpp.4.o
[ 26/143] Compiling daemon/face/link-service.cpp
15:44:04 [35mrunner[0m (exec) clang++ -O2 -g -pedantic -Wall -Wextra -Wno-unused-parameter -fcolor-diagnostics -Wno-unused-local-typedef -std=c++11 -pthread -pthread -pthread -include /home/stumble/learn/ndn/NFD/build/core-objects.2 -I/home/stumble/learn/ndn/NFD/build/daemon -I/home/stumble/learn/ndn/NFD/daemon -I/home/stumble/learn/ndn/NFD/build -I/home/stumble/learn/ndn/NFD -I/usr/local/include -I/usr/include -DNDEBUG -DHAVE_NDN_CXX=1 -DBOOST_LOG_DYN_LINK ../daemon/face/link-service.cpp -c -o /home/stumble/learn/ndn/NFD/build/daemon/face/link-service.cpp.3.o
[ 27/143] Compiling tools/ndn-autoconfig/multicast-discovery.cpp
15:44:04 [35mrunner[0m (exec) clang++ -O2 -g -pedantic -Wall -Wextra -Wno-unused-parameter -fcolor-diagnostics -Wno-unused-local-typedef -std=c++11 -pthread -pthread -pthread -include /home/stumble/learn/ndn/NFD/build/core-objects.2 -I/home/stumble/learn/ndn/NFD/build/tools/ndn-autoconfig -I/home/stumble/learn/ndn/NFD/tools/ndn-autoconfig -I/home/stumble/learn/ndn/NFD/build -I/home/stumble/learn/ndn/NFD -I/usr/local/include -I/usr/include -DNDEBUG -DHAVE_NDN_CXX=1 -DBOOST_LOG_DYN_LINK ../tools/ndn-autoconfig/multicast-discovery.cpp -c -o /home/stumble/learn/ndn/NFD/build/tools/ndn-autoconfig/multicast-discovery.cpp.3.o
[ 28/143] Compiling tools/nfdc/legacy-status.cpp
15:44:05 [35mrunner[0m (exec) clang++ -O2 -g -pedantic -Wall -Wextra -Wno-unused-parameter -fcolor-diagnostics -Wno-unused-local-typedef -std=c++11 -pthread -pthread -pthread -include /home/stumble/learn/ndn/NFD/build/core-objects.2 -I/home/stumble/learn/ndn/NFD/build/tools/nfdc -I/home/stumble/learn/ndn/NFD/tools/nfdc -I/home/stumble/learn/ndn/NFD/build -I/home/stumble/learn/ndn/NFD -I/usr/local/include -I/usr/include -DNDEBUG -DHAVE_NDN_CXX=1 -DBOOST_LOG_DYN_LINK ../tools/nfdc/legacy-status.cpp -c -o /home/stumble/learn/ndn/NFD/build/tools/nfdc/legacy-status.cpp.5.o
[ 29/143] Compiling daemon/table/network-region-table.cpp
15:44:06 [35mrunner[0m (exec) clang++ -O2 -g -pedantic -Wall -Wextra -Wno-unused-parameter -fcolor-diagnostics -Wno-unused-local-typedef -std=c++11 -pthread -pthread -pthread -include /home/stumble/learn/ndn/NFD/build/core-objects.2 -I/home/stumble/learn/ndn/NFD/build/daemon -I/home/stumble/learn/ndn/NFD/daemon -I/home/stumble/learn/ndn/NFD/build -I/home/stumble/learn/ndn/NFD -I/usr/local/include -I/usr/include -DNDEBUG -DHAVE_NDN_CXX=1 -DBOOST_LOG_DYN_LINK ../daemon/table/network-region-table.cpp -c -o /home/stumble/learn/ndn/NFD/build/daemon/table/network-region-table.cpp.3.o
[ 30/143] Compiling daemon/fw/best-route-strategy2.cpp
15:44:06 [35mrunner[0m (exec) clang++ -O2 -g -pedantic -Wall -Wextra -Wno-unused-parameter -fcolor-diagnostics -Wno-unused-local-typedef -std=c++11 -pthread -pthread -pthread -include /home/stumble/learn/ndn/NFD/build/core-objects.2 -I/home/stumble/learn/ndn/NFD/build/daemon -I/home/stumble/learn/ndn/NFD/daemon -I/home/stumble/learn/ndn/NFD/build -I/home/stumble/learn/ndn/NFD -I/usr/local/include -I/usr/include -DNDEBUG -DHAVE_NDN_CXX=1 -DBOOST_LOG_DYN_LINK ../daemon/fw/best-route-strategy2.cpp -c -o /home/stumble/learn/ndn/NFD/build/daemon/fw/best-route-strategy2.cpp.3.o
[ 31/143] Compiling daemon/fw/ncc-strategy.cpp
15:44:07 [35mrunner[0m (exec) clang++ -O2 -g -pedantic -Wall -Wextra -Wno-unused-parameter -fcolor-diagnostics -Wno-unused-local-typedef -std=c++11 -pthread -pthread -pthread -include /home/stumble/learn/ndn/NFD/build/core-objects.2 -I/home/stumble/learn/ndn/NFD/build/daemon -I/home/stumble/learn/ndn/NFD/daemon -I/home/stumble/learn/ndn/NFD/build -I/home/stumble/learn/ndn/NFD -I/usr/local/include -I/usr/include -DNDEBUG -DHAVE_NDN_CXX=1 -DBOOST_LOG_DYN_LINK ../daemon/fw/ncc-strategy.cpp -c -o /home/stumble/learn/ndn/NFD/build/daemon/fw/ncc-strategy.cpp.3.o
[ 32/143] Compiling daemon/table/strategy-info-host.cpp
15:44:08 [35mrunner[0m (exec) clang++ -O2 -g -pedantic -Wall -Wextra -Wno-unused-parameter -fcolor-diagnostics -Wno-unused-local-typedef -std=c++11 -pthread -pthread -pthread -include /home/stumble/learn/ndn/NFD/build/core-objects.2 -I/home/stumble/learn/ndn/NFD/build/daemon -I/home/stumble/learn/ndn/NFD/daemon -I/home/stumble/learn/ndn/NFD/build -I/home/stumble/learn/ndn/NFD -I/usr/local/include -I/usr/include -DNDEBUG -DHAVE_NDN_CXX=1 -DBOOST_LOG_DYN_LINK ../daemon/table/strategy-info-host.cpp -c -o /home/stumble/learn/ndn/NFD/build/daemon/table/strategy-info-host.cpp.3.o
[ 33/143] Compiling daemon/face/tcp-transport.cpp
15:44:08 [35mrunner[0m (exec) clang++ -O2 -g -pedantic -Wall -Wextra -Wno-unused-parameter -fcolor-diagnostics -Wno-unused-local-typedef -std=c++11 -pthread -pthread -pthread -include /home/stumble/learn/ndn/NFD/build/core-objects.2 -I/home/stumble/learn/ndn/NFD/build/daemon -I/home/stumble/learn/ndn/NFD/daemon -I/home/stumble/learn/ndn/NFD/build -I/home/stumble/learn/ndn/NFD -I/usr/local/include -I/usr/include -DNDEBUG -DHAVE_NDN_CXX=1 -DBOOST_LOG_DYN_LINK ../daemon/face/tcp-transport.cpp -c -o /home/stumble/learn/ndn/NFD/build/daemon/face/tcp-transport.cpp.3.o
[ 34/143] Compiling daemon/table/strategy-choice-entry.cpp
15:44:09 [35mrunner[0m (exec) clang++ -O2 -g -pedantic -Wall -Wextra -Wno-unused-parameter -fcolor-diagnostics -Wno-unused-local-typedef -std=c++11 -pthread -pthread -pthread -include /home/stumble/learn/ndn/NFD/build/core-objects.2 -I/home/stumble/learn/ndn/NFD/build/daemon -I/home/stumble/learn/ndn/NFD/daemon -I/home/stumble/learn/ndn/NFD/build -I/home/stumble/learn/ndn/NFD -I/usr/local/include -I/usr/include -DNDEBUG -DHAVE_NDN_CXX=1 -DBOOST_LOG_DYN_LINK ../daemon/table/strategy-choice-entry.cpp -c -o /home/stumble/learn/ndn/NFD/build/daemon/table/strategy-choice-entry.cpp.3.o
[ 35/143] Compiling daemon/fw/asf-measurements.cpp
15:44:11 [35mrunner[0m (exec) clang++ -O2 -g -pedantic -Wall -Wextra -Wno-unused-parameter -fcolor-diagnostics -Wno-unused-local-typedef -std=c++11 -pthread -pthread -pthread -include /home/stumble/learn/ndn/NFD/build/core-objects.2 -I/home/stumble/learn/ndn/NFD/build/daemon -I/home/stumble/learn/ndn/NFD/daemon -I/home/stumble/learn/ndn/NFD/build -I/home/stumble/learn/ndn/NFD -I/usr/local/include -I/usr/include -DNDEBUG -DHAVE_NDN_CXX=1 -DBOOST_LOG_DYN_LINK ../daemon/fw/asf-measurements.cpp -c -o /home/stumble/learn/ndn/NFD/build/daemon/fw/asf-measurements.cpp.3.o
[ 36/143] Compiling daemon/face/protocol-factory.cpp
15:44:11 [35mrunner[0m (exec) clang++ -O2 -g -pedantic -Wall -Wextra -Wno-unused-parameter -fcolor-diagnostics -Wno-unused-local-typedef -std=c++11 -pthread -pthread -pthread -include /home/stumble/learn/ndn/NFD/build/core-objects.2 -I/home/stumble/learn/ndn/NFD/build/daemon -I/home/stumble/learn/ndn/NFD/daemon -I/home/stumble/learn/ndn/NFD/build -I/home/stumble/learn/ndn/NFD -I/usr/local/include -I/usr/include -DNDEBUG -DHAVE_NDN_CXX=1 -DBOOST_LOG_DYN_LINK ../daemon/face/protocol-factory.cpp -c -o /home/stumble/learn/ndn/NFD/build/daemon/face/protocol-factory.cpp.3.o
[ 37/143] Compiling daemon/fw/retx-suppression-exponential.cpp
15:44:12 [35mrunner[0m (exec) clang++ -O2 -g -pedantic -Wall -Wextra -Wno-unused-parameter -fcolor-diagnostics -Wno-unused-local-typedef -std=c++11 -pthread -pthread -pthread -include /home/stumble/learn/ndn/NFD/build/core-objects.2 -I/home/stumble/learn/ndn/NFD/build/daemon -I/home/stumble/learn/ndn/NFD/daemon -I/home/stumble/learn/ndn/NFD/build -I/home/stumble/learn/ndn/NFD -I/usr/local/include -I/usr/include -DNDEBUG -DHAVE_NDN_CXX=1 -DBOOST_LOG_DYN_LINK ../daemon/fw/retx-suppression-exponential.cpp -c -o /home/stumble/learn/ndn/NFD/build/daemon/fw/retx-suppression-exponential.cpp.3.o
[ 38/143] Compiling rib/fib-update.cpp
15:44:12 [35mrunner[0m (exec) clang++ -O2 -g -pedantic -Wall -Wextra -Wno-unused-parameter -fcolor-diagnostics -Wno-unused-local-typedef -std=c++11 -pthread -pthread -pthread -include /home/stumble/learn/ndn/NFD/build/core-objects.2 -I/home/stumble/learn/ndn/NFD/build -I/home/stumble/learn/ndn/NFD -I/usr/local/include -I/usr/include -DNDEBUG -DHAVE_NDN_CXX=1 -DBOOST_LOG_DYN_LINK ../rib/fib-update.cpp -c -o /home/stumble/learn/ndn/NFD/build/rib/fib-update.cpp.4.o
[ 39/143] Compiling daemon/table/dead-nonce-list.cpp
15:44:13 [35mrunner[0m (exec) clang++ -O2 -g -pedantic -Wall -Wextra -Wno-unused-parameter -fcolor-diagnostics -Wno-unused-local-typedef -std=c++11 -pthread -pthread -pthread -include /home/stumble/learn/ndn/NFD/build/core-objects.2 -I/home/stumble/learn/ndn/NFD/build/daemon -I/home/stumble/learn/ndn/NFD/daemon -I/home/stumble/learn/ndn/NFD/build -I/home/stumble/learn/ndn/NFD -I/usr/local/include -I/usr/include -DNDEBUG -DHAVE_NDN_CXX=1 -DBOOST_LOG_DYN_LINK ../daemon/table/dead-nonce-list.cpp -c -o /home/stumble/learn/ndn/NFD/build/daemon/table/dead-nonce-list.cpp.3.o
[ 40/143] Compiling daemon/face/face-counters.cpp
15:44:13 [35mrunner[0m (exec) clang++ -O2 -g -pedantic -Wall -Wextra -Wno-unused-parameter -fcolor-diagnostics -Wno-unused-local-typedef -std=c++11 -pthread -pthread -pthread -include /home/stumble/learn/ndn/NFD/build/core-objects.2 -I/home/stumble/learn/ndn/NFD/build/daemon -I/home/stumble/learn/ndn/NFD/daemon -I/home/stumble/learn/ndn/NFD/build -I/home/stumble/learn/ndn/NFD -I/usr/local/include -I/usr/include -DNDEBUG -DHAVE_NDN_CXX=1 -DBOOST_LOG_DYN_LINK ../daemon/face/face-counters.cpp -c -o /home/stumble/learn/ndn/NFD/build/daemon/face/face-counters.cpp.3.o
[ 41/143] Compiling daemon/face/face-system.cpp
15:44:14 [35mrunner[0m (exec) clang++ -O2 -g -pedantic -Wall -Wextra -Wno-unused-parameter -fcolor-diagnostics -Wno-unused-local-typedef -std=c++11 -pthread -pthread -pthread -include /home/stumble/learn/ndn/NFD/build/core-objects.2 -I/home/stumble/learn/ndn/NFD/build/daemon -I/home/stumble/learn/ndn/NFD/daemon -I/home/stumble/learn/ndn/NFD/build -I/home/stumble/learn/ndn/NFD -I/usr/local/include -I/usr/include -DNDEBUG -DHAVE_NDN_CXX=1 -DBOOST_LOG_DYN_LINK ../daemon/face/face-system.cpp -c -o /home/stumble/learn/ndn/NFD/build/daemon/face/face-system.cpp.3.o
[ 42/143] Compiling daemon/table/cs.cpp
15:44:14 [35mrunner[0m (exec) clang++ -O2 -g -pedantic -Wall -Wextra -Wno-unused-parameter -fcolor-diagnostics -Wno-unused-local-typedef -std=c++11 -pthread -pthread -pthread -include /home/stumble/learn/ndn/NFD/build/core-objects.2 -I/home/stumble/learn/ndn/NFD/build/daemon -I/home/stumble/learn/ndn/NFD/daemon -I/home/stumble/learn/ndn/NFD/build -I/home/stumble/learn/ndn/NFD -I/usr/local/include -I/usr/include -DNDEBUG -DHAVE_NDN_CXX=1 -DBOOST_LOG_DYN_LINK ../daemon/table/cs.cpp -c -o /home/stumble/learn/ndn/NFD/build/daemon/table/cs.cpp.3.o
[ 43/143] Compiling tools/ndn-autoconfig/base.cpp
15:44:14 [35mrunner[0m (exec) clang++ -O2 -g -pedantic -Wall -Wextra -Wno-unused-parameter -fcolor-diagnostics -Wno-unused-local-typedef -std=c++11 -pthread -pthread -pthread -include /home/stumble/learn/ndn/NFD/build/core-objects.2 -I/home/stumble/learn/ndn/NFD/build/tools/ndn-autoconfig -I/home/stumble/learn/ndn/NFD/tools/ndn-autoconfig -I/home/stumble/learn/ndn/NFD/build -I/home/stumble/learn/ndn/NFD -I/usr/local/include -I/usr/include -DNDEBUG -DHAVE_NDN_CXX=1 -DBOOST_LOG_DYN_LINK ../tools/ndn-autoconfig/base.cpp -c -o /home/stumble/learn/ndn/NFD/build/tools/ndn-autoconfig/base.cpp.3.o
[ 44/143] Compiling tools/nfdc/channel-module.cpp
15:44:16 [35mrunner[0m (exec) clang++ -O2 -g -pedantic -Wall -Wextra -Wno-unused-parameter -fcolor-diagnostics -Wno-unused-local-typedef -std=c++11 -pthread -pthread -pthread -include /home/stumble/learn/ndn/NFD/build/core-objects.2 -I/home/stumble/learn/ndn/NFD/build/tools/nfdc -I/home/stumble/learn/ndn/NFD/tools/nfdc -I/home/stumble/learn/ndn/NFD/build -I/home/stumble/learn/ndn/NFD -I/usr/local/include -I/usr/include -DNDEBUG -DHAVE_NDN_CXX=1 -DBOOST_LOG_DYN_LINK ../tools/nfdc/channel-module.cpp -c -o /home/stumble/learn/ndn/NFD/build/tools/nfdc/channel-module.cpp.5.o
[ 45/143] Compiling daemon/table/name-tree.cpp
15:44:17 [35mrunner[0m (exec) clang++ -O2 -g -pedantic -Wall -Wextra -Wno-unused-parameter -fcolor-diagnostics -Wno-unused-local-typedef -std=c++11 -pthread -pthread -pthread -include /home/stumble/learn/ndn/NFD/build/core-objects.2 -I/home/stumble/learn/ndn/NFD/build/daemon -I/home/stumble/learn/ndn/NFD/daemon -I/home/stumble/learn/ndn/NFD/build -I/home/stumble/learn/ndn/NFD -I/usr/local/include -I/usr/include -DNDEBUG -DHAVE_NDN_CXX=1 -DBOOST_LOG_DYN_LINK ../daemon/table/name-tree.cpp -c -o /home/stumble/learn/ndn/NFD/build/daemon/table/name-tree.cpp.3.o
[ 46/143] Compiling daemon/table/strategy-choice.cpp
15:44:18 [35mrunner[0m (exec) clang++ -O2 -g -pedantic -Wall -Wextra -Wno-unused-parameter -fcolor-diagnostics -Wno-unused-local-typedef -std=c++11 -pthread -pthread -pthread -include /home/stumble/learn/ndn/NFD/build/core-objects.2 -I/home/stumble/learn/ndn/NFD/build/daemon -I/home/stumble/learn/ndn/NFD/daemon -I/home/stumble/learn/ndn/NFD/build -I/home/stumble/learn/ndn/NFD -I/usr/local/include -I/usr/include -DNDEBUG -DHAVE_NDN_CXX=1 -DBOOST_LOG_DYN_LINK ../daemon/table/strategy-choice.cpp -c -o /home/stumble/learn/ndn/NFD/build/daemon/table/strategy-choice.cpp.3.o
[ 47/143] Compiling daemon/mgmt/command-authenticator.cpp
15:44:18 [35mrunner[0m (exec) clang++ -O2 -g -pedantic -Wall -Wextra -Wno-unused-parameter -fcolor-diagnostics -Wno-unused-local-typedef -std=c++11 -pthread -pthread -pthread -include /home/stumble/learn/ndn/NFD/build/core-objects.2 -I/home/stumble/learn/ndn/NFD/build/daemon -I/home/stumble/learn/ndn/NFD/daemon -I/home/stumble/learn/ndn/NFD/build -I/home/stumble/learn/ndn/NFD -I/usr/local/include -I/usr/include -DNDEBUG -DHAVE_NDN_CXX=1 -DBOOST_LOG_DYN_LINK ../daemon/mgmt/command-authenticator.cpp -c -o /home/stumble/learn/ndn/NFD/build/daemon/mgmt/command-authenticator.cpp.3.o
[ 48/143] Compiling tools/nfdc/rib-module.cpp
15:44:19 [35mrunner[0m (exec) clang++ -O2 -g -pedantic -Wall -Wextra -Wno-unused-parameter -fcolor-diagnostics -Wno-unused-local-typedef -std=c++11 -pthread -pthread -pthread -include /home/stumble/learn/ndn/NFD/build/core-objects.2 -I/home/stumble/learn/ndn/NFD/build/tools/nfdc -I/home/stumble/learn/ndn/NFD/tools/nfdc -I/home/stumble/learn/ndn/NFD/build -I/home/stumble/learn/ndn/NFD -I/usr/local/include -I/usr/include -DNDEBUG -DHAVE_NDN_CXX=1 -DBOOST_LOG_DYN_LINK ../tools/nfdc/rib-module.cpp -c -o /home/stumble/learn/ndn/NFD/build/tools/nfdc/rib-module.cpp.5.o
[ 49/143] Compiling tools/nfdc/status-report.cpp
15:44:20 [35mrunner[0m (exec) clang++ -O2 -g -pedantic -Wall -Wextra -Wno-unused-parameter -fcolor-diagnostics -Wno-unused-local-typedef -std=c++11 -pthread -pthread -pthread -include /home/stumble/learn/ndn/NFD/build/core-objects.2 -I/home/stumble/learn/ndn/NFD/build/tools/nfdc -I/home/stumble/learn/ndn/NFD/tools/nfdc -I/home/stumble/learn/ndn/NFD/build -I/home/stumble/learn/ndn/NFD -I/usr/local/include -I/usr/include -DNDEBUG -DHAVE_NDN_CXX=1 -DBOOST_LOG_DYN_LINK ../tools/nfdc/status-report.cpp -c -o /home/stumble/learn/ndn/NFD/build/tools/nfdc/status-report.cpp.5.o
[ 50/143] Compiling tools/nfdc/status.cpp
15:44:21 [35mrunner[0m (exec) clang++ -O2 -g -pedantic -Wall -Wextra -Wno-unused-parameter -fcolor-diagnostics -Wno-unused-local-typedef -std=c++11 -pthread -pthread -pthread -include /home/stumble/learn/ndn/NFD/build/core-objects.2 -I/home/stumble/learn/ndn/NFD/build/tools/nfdc -I/home/stumble/learn/ndn/NFD/tools/nfdc -I/home/stumble/learn/ndn/NFD/build -I/home/stumble/learn/ndn/NFD -I/usr/local/include -I/usr/include -DNDEBUG -DHAVE_NDN_CXX=1 -DBOOST_LOG_DYN_LINK ../tools/nfdc/status.cpp -c -o /home/stumble/learn/ndn/NFD/build/tools/nfdc/status.cpp.5.o
[ 51/143] Compiling daemon/face/udp-factory.cpp
15:44:22 [35mrunner[0m (exec) clang++ -O2 -g -pedantic -Wall -Wextra -Wno-unused-parameter -fcolor-diagnostics -Wno-unused-local-typedef -std=c++11 -pthread -pthread -pthread -include /home/stumble/learn/ndn/NFD/build/core-objects.2 -I/home/stumble/learn/ndn/NFD/build/daemon -I/home/stumble/learn/ndn/NFD/daemon -I/home/stumble/learn/ndn/NFD/build -I/home/stumble/learn/ndn/NFD -I/usr/local/include -I/usr/include -DNDEBUG -DHAVE_NDN_CXX=1 -DBOOST_LOG_DYN_LINK ../daemon/face/udp-factory.cpp -c -o /home/stumble/learn/ndn/NFD/build/daemon/face/udp-factory.cpp.3.o
[ 52/143] Compiling daemon/table/cs-policy-priority-fifo.cpp
15:44:22 [35mrunner[0m (exec) clang++ -O2 -g -pedantic -Wall -Wextra -Wno-unused-parameter -fcolor-diagnostics -Wno-unused-local-typedef -std=c++11 -pthread -pthread -pthread -include /home/stumble/learn/ndn/NFD/build/core-objects.2 -I/home/stumble/learn/ndn/NFD/build/daemon -I/home/stumble/learn/ndn/NFD/daemon -I/home/stumble/learn/ndn/NFD/build -I/home/stumble/learn/ndn/NFD -I/usr/local/include -I/usr/include -DNDEBUG -DHAVE_NDN_CXX=1 -DBOOST_LOG_DYN_LINK ../daemon/table/cs-policy-priority-fifo.cpp -c -o /home/stumble/learn/ndn/NFD/build/daemon/table/cs-policy-priority-fifo.cpp.3.o
[ 53/143] Compiling core/network.cpp
15:44:24 [35mrunner[0m (exec) clang++ -O2 -g -pedantic -Wall -Wextra -Wno-unused-parameter -fcolor-diagnostics -Wno-unused-local-typedef -std=c++11 -pthread -pthread -pthread -include /home/stumble/learn/ndn/NFD/build/core-objects.2 -I/home/stumble/learn/ndn/NFD/build -I/home/stumble/learn/ndn/NFD -I/home/stumble/learn/ndn/NFD/build/core -I/home/stumble/learn/ndn/NFD/core -I/usr/local/include -I/usr/include -DNDEBUG -DHAVE_NDN_CXX=1 -DBOOST_LOG_DYN_LINK ../core/network.cpp -c -o /home/stumble/learn/ndn/NFD/build/core/network.cpp.2.o
[ 54/143] Compiling daemon/mgmt/forwarder-status-manager.cpp
15:44:25 [35mrunner[0m (exec) clang++ -O2 -g -pedantic -Wall -Wextra -Wno-unused-parameter -fcolor-diagnostics -Wno-unused-local-typedef -std=c++11 -pthread -pthread -pthread -include /home/stumble/learn/ndn/NFD/build/core-objects.2 -I/home/stumble/learn/ndn/NFD/build/daemon -I/home/stumble/learn/ndn/NFD/daemon -I/home/stumble/learn/ndn/NFD/build -I/home/stumble/learn/ndn/NFD -I/usr/local/include -I/usr/include -DNDEBUG -DHAVE_NDN_CXX=1 -DBOOST_LOG_DYN_LINK ../daemon/mgmt/forwarder-status-manager.cpp -c -o /home/stumble/learn/ndn/NFD/build/daemon/mgmt/forwarder-status-manager.cpp.3.o
[ 55/143] Compiling tools/ndn-autoconfig/base-dns.cpp
15:44:25 [35mrunner[0m (exec) clang++ -O2 -g -pedantic -Wall -Wextra -Wno-unused-parameter -fcolor-diagnostics -Wno-unused-local-typedef -std=c++11 -pthread -pthread -pthread -include /home/stumble/learn/ndn/NFD/build/core-objects.2 -I/home/stumble/learn/ndn/NFD/build/tools/ndn-autoconfig -I/home/stumble/learn/ndn/NFD/tools/ndn-autoconfig -I/home/stumble/learn/ndn/NFD/build -I/home/stumble/learn/ndn/NFD -I/usr/local/include -I/usr/include -DNDEBUG -DHAVE_NDN_CXX=1 -DBOOST_LOG_DYN_LINK ../tools/ndn-autoconfig/base-dns.cpp -c -o /home/stumble/learn/ndn/NFD/build/tools/ndn-autoconfig/base-dns.cpp.3.o
[ 56/143] Compiling daemon/mgmt/fib-manager.cpp
15:44:26 [35mrunner[0m (exec) clang++ -O2 -g -pedantic -Wall -Wextra -Wno-unused-parameter -fcolor-diagnostics -Wno-unused-local-typedef -std=c++11 -pthread -pthread -pthread -include /home/stumble/learn/ndn/NFD/build/core-objects.2 -I/home/stumble/learn/ndn/NFD/build/daemon -I/home/stumble/learn/ndn/NFD/daemon -I/home/stumble/learn/ndn/NFD/build -I/home/stumble/learn/ndn/NFD -I/usr/local/include -I/usr/include -DNDEBUG -DHAVE_NDN_CXX=1 -DBOOST_LOG_DYN_LINK ../daemon/mgmt/fib-manager.cpp -c -o /home/stumble/learn/ndn/NFD/build/daemon/mgmt/fib-manager.cpp.3.o
[ 57/143] Compiling core/random.cpp
15:44:28 [35mrunner[0m (exec) clang++ -O2 -g -pedantic -Wall -Wextra -Wno-unused-parameter -fcolor-diagnostics -Wno-unused-local-typedef -std=c++11 -pthread -pthread -pthread -include /home/stumble/learn/ndn/NFD/build/core-objects.2 -I/home/stumble/learn/ndn/NFD/build -I/home/stumble/learn/ndn/NFD -I/home/stumble/learn/ndn/NFD/build/core -I/home/stumble/learn/ndn/NFD/core -I/usr/local/include -I/usr/include -DNDEBUG -DHAVE_NDN_CXX=1 -DBOOST_LOG_DYN_LINK ../core/random.cpp -c -o /home/stumble/learn/ndn/NFD/build/core/random.cpp.2.o
[ 58/143] Compiling core/config-file.cpp
15:44:28 [35mrunner[0m (exec) clang++ -O2 -g -pedantic -Wall -Wextra -Wno-unused-parameter -fcolor-diagnostics -Wno-unused-local-typedef -std=c++11 -pthread -pthread -pthread -include /home/stumble/learn/ndn/NFD/build/core-objects.2 -I/home/stumble/learn/ndn/NFD/build -I/home/stumble/learn/ndn/NFD -I/home/stumble/learn/ndn/NFD/build/core -I/home/stumble/learn/ndn/NFD/core -I/usr/local/include -I/usr/include -DNDEBUG -DHAVE_NDN_CXX=1 -DBOOST_LOG_DYN_LINK ../core/config-file.cpp -c -o /home/stumble/learn/ndn/NFD/build/core/config-file.cpp.2.o
[ 59/143] Compiling daemon/face/null-face.cpp
15:44:29 [35mrunner[0m (exec) clang++ -O2 -g -pedantic -Wall -Wextra -Wno-unused-parameter -fcolor-diagnostics -Wno-unused-local-typedef -std=c++11 -pthread -pthread -pthread -include /home/stumble/learn/ndn/NFD/build/core-objects.2 -I/home/stumble/learn/ndn/NFD/build/daemon -I/home/stumble/learn/ndn/NFD/daemon -I/home/stumble/learn/ndn/NFD/build -I/home/stumble/learn/ndn/NFD -I/usr/local/include -I/usr/include -DNDEBUG -DHAVE_NDN_CXX=1 -DBOOST_LOG_DYN_LINK ../daemon/face/null-face.cpp -c -o /home/stumble/learn/ndn/NFD/build/daemon/face/null-face.cpp.3.o
[ 60/143] Compiling daemon/face/transport.cpp
15:44:31 [35mrunner[0m (exec) clang++ -O2 -g -pedantic -Wall -Wextra -Wno-unused-parameter -fcolor-diagnostics -Wno-unused-local-typedef -std=c++11 -pthread -pthread -pthread -include /home/stumble/learn/ndn/NFD/build/core-objects.2 -I/home/stumble/learn/ndn/NFD/build/daemon -I/home/stumble/learn/ndn/NFD/daemon -I/home/stumble/learn/ndn/NFD/build -I/home/stumble/learn/ndn/NFD -I/usr/local/include -I/usr/include -DNDEBUG -DHAVE_NDN_CXX=1 -DBOOST_LOG_DYN_LINK ../daemon/face/transport.cpp -c -o /home/stumble/learn/ndn/NFD/build/daemon/face/transport.cpp.3.o
[ 61/143] Compiling daemon/table/pit-entry.cpp
15:44:31 [35mrunner[0m (exec) clang++ -O2 -g -pedantic -Wall -Wextra -Wno-unused-parameter -fcolor-diagnostics -Wno-unused-local-typedef -std=c++11 -pthread -pthread -pthread -include /home/stumble/learn/ndn/NFD/build/core-objects.2 -I/home/stumble/learn/ndn/NFD/build/daemon -I/home/stumble/learn/ndn/NFD/daemon -I/home/stumble/learn/ndn/NFD/build -I/home/stumble/learn/ndn/NFD -I/usr/local/include -I/usr/include -DNDEBUG -DHAVE_NDN_CXX=1 -DBOOST_LOG_DYN_LINK ../daemon/table/pit-entry.cpp -c -o /home/stumble/learn/ndn/NFD/build/daemon/table/pit-entry.cpp.3.o
[ 62/143] Compiling daemon/fw/access-strategy.cpp
15:44:32 [35mrunner[0m (exec) clang++ -O2 -g -pedantic -Wall -Wextra -Wno-unused-parameter -fcolor-diagnostics -Wno-unused-local-typedef -std=c++11 -pthread -pthread -pthread -include /home/stumble/learn/ndn/NFD/build/core-objects.2 -I/home/stumble/learn/ndn/NFD/build/daemon -I/home/stumble/learn/ndn/NFD/daemon -I/home/stumble/learn/ndn/NFD/build -I/home/stumble/learn/ndn/NFD -I/usr/local/include -I/usr/include -DNDEBUG -DHAVE_NDN_CXX=1 -DBOOST_LOG_DYN_LINK ../daemon/fw/access-strategy.cpp -c -o /home/stumble/learn/ndn/NFD/build/daemon/fw/access-strategy.cpp.3.o
[ 63/143] Compiling tools/nfdc/help.cpp
15:44:33 [35mrunner[0m (exec) clang++ -O2 -g -pedantic -Wall -Wextra -Wno-unused-parameter -fcolor-diagnostics -Wno-unused-local-typedef -std=c++11 -pthread -pthread -pthread -include /home/stumble/learn/ndn/NFD/build/core-objects.2 -I/home/stumble/learn/ndn/NFD/build/tools/nfdc -I/home/stumble/learn/ndn/NFD/tools/nfdc -I/home/stumble/learn/ndn/NFD/build -I/home/stumble/learn/ndn/NFD -I/usr/local/include -I/usr/include -DNDEBUG -DHAVE_NDN_CXX=1 -DBOOST_LOG_DYN_LINK ../tools/nfdc/help.cpp -c -o /home/stumble/learn/ndn/NFD/build/tools/nfdc/help.cpp.5.o
[ 64/143] Compiling daemon/face/channel.cpp
15:44:33 [35mrunner[0m (exec) clang++ -O2 -g -pedantic -Wall -Wextra -Wno-unused-parameter -fcolor-diagnostics -Wno-unused-local-typedef -std=c++11 -pthread -pthread -pthread -include /home/stumble/learn/ndn/NFD/build/core-objects.2 -I/home/stumble/learn/ndn/NFD/build/daemon -I/home/stumble/learn/ndn/NFD/daemon -I/home/stumble/learn/ndn/NFD/build -I/home/stumble/learn/ndn/NFD -I/usr/local/include -I/usr/include -DNDEBUG -DHAVE_NDN_CXX=1 -DBOOST_LOG_DYN_LINK ../daemon/face/channel.cpp -c -o /home/stumble/learn/ndn/NFD/build/daemon/face/channel.cpp.3.o
[ 65/143] Compiling daemon/face/lp-reassembler.cpp
15:44:33 [35mrunner[0m (exec) clang++ -O2 -g -pedantic -Wall -Wextra -Wno-unused-parameter -fcolor-diagnostics -Wno-unused-local-typedef -std=c++11 -pthread -pthread -pthread -include /home/stumble/learn/ndn/NFD/build/core-objects.2 -I/home/stumble/learn/ndn/NFD/build/daemon -I/home/stumble/learn/ndn/NFD/daemon -I/home/stumble/learn/ndn/NFD/build -I/home/stumble/learn/ndn/NFD -I/usr/local/include -I/usr/include -DNDEBUG -DHAVE_NDN_CXX=1 -DBOOST_LOG_DYN_LINK ../daemon/face/lp-reassembler.cpp -c -o /home/stumble/learn/ndn/NFD/build/daemon/face/lp-reassembler.cpp.3.o
[ 66/143] Compiling rib/rib-update-batch.cpp
15:44:35 [35mrunner[0m (exec) clang++ -O2 -g -pedantic -Wall -Wextra -Wno-unused-parameter -fcolor-diagnostics -Wno-unused-local-typedef -std=c++11 -pthread -pthread -pthread -include /home/stumble/learn/ndn/NFD/build/core-objects.2 -I/home/stumble/learn/ndn/NFD/build -I/home/stumble/learn/ndn/NFD -I/usr/local/include -I/usr/include -DNDEBUG -DHAVE_NDN_CXX=1 -DBOOST_LOG_DYN_LINK ../rib/rib-update-batch.cpp -c -o /home/stumble/learn/ndn/NFD/build/rib/rib-update-batch.cpp.4.o
[ 67/143] Compiling daemon/fw/retx-suppression.cpp
15:44:35 [35mrunner[0m (exec) clang++ -O2 -g -pedantic -Wall -Wextra -Wno-unused-parameter -fcolor-diagnostics -Wno-unused-local-typedef -std=c++11 -pthread -pthread -pthread -include /home/stumble/learn/ndn/NFD/build/core-objects.2 -I/home/stumble/learn/ndn/NFD/build/daemon -I/home/stumble/learn/ndn/NFD/daemon -I/home/stumble/learn/ndn/NFD/build -I/home/stumble/learn/ndn/NFD -I/usr/local/include -I/usr/include -DNDEBUG -DHAVE_NDN_CXX=1 -DBOOST_LOG_DYN_LINK ../daemon/fw/retx-suppression.cpp -c -o /home/stumble/learn/ndn/NFD/build/daemon/fw/retx-suppression.cpp.3.o
[ 68/143] Compiling daemon/table/pit-iterator.cpp
15:44:36 [35mrunner[0m (exec) clang++ -O2 -g -pedantic -Wall -Wextra -Wno-unused-parameter -fcolor-diagnostics -Wno-unused-local-typedef -std=c++11 -pthread -pthread -pthread -include /home/stumble/learn/ndn/NFD/build/core-objects.2 -I/home/stumble/learn/ndn/NFD/build/daemon -I/home/stumble/learn/ndn/NFD/daemon -I/home/stumble/learn/ndn/NFD/build -I/home/stumble/learn/ndn/NFD -I/usr/local/include -I/usr/include -DNDEBUG -DHAVE_NDN_CXX=1 -DBOOST_LOG_DYN_LINK ../daemon/table/pit-iterator.cpp -c -o /home/stumble/learn/ndn/NFD/build/daemon/table/pit-iterator.cpp.3.o
[ 69/143] Compiling tools/nfdc/available-commands.cpp
15:44:37 [35mrunner[0m (exec) clang++ -O2 -g -pedantic -Wall -Wextra -Wno-unused-parameter -fcolor-diagnostics -Wno-unused-local-typedef -std=c++11 -pthread -pthread -pthread -include /home/stumble/learn/ndn/NFD/build/core-objects.2 -I/home/stumble/learn/ndn/NFD/build/tools/nfdc -I/home/stumble/learn/ndn/NFD/tools/nfdc -I/home/stumble/learn/ndn/NFD/build -I/home/stumble/learn/ndn/NFD -I/usr/local/include -I/usr/include -DNDEBUG -DHAVE_NDN_CXX=1 -DBOOST_LOG_DYN_LINK ../tools/nfdc/available-commands.cpp -c -o /home/stumble/learn/ndn/NFD/build/tools/nfdc/available-commands.cpp.5.o
[ 70/143] Compiling rib/service.cpp
15:44:38 [35mrunner[0m (exec) clang++ -O2 -g -pedantic -Wall -Wextra -Wno-unused-parameter -fcolor-diagnostics -Wno-unused-local-typedef -std=c++11 -pthread -pthread -pthread -include /home/stumble/learn/ndn/NFD/build/core-objects.2 -I/home/stumble/learn/ndn/NFD/build -I/home/stumble/learn/ndn/NFD -I/usr/local/include -I/usr/include -DNDEBUG -DHAVE_NDN_CXX=1 -DBOOST_LOG_DYN_LINK ../rib/service.cpp -c -o /home/stumble/learn/ndn/NFD/build/rib/service.cpp.4.o
[ 71/143] Compiling rib/readvertise/readvertised-route.cpp
15:44:38 [35mrunner[0m (exec) clang++ -O2 -g -pedantic -Wall -Wextra -Wno-unused-parameter -fcolor-diagnostics -Wno-unused-local-typedef -std=c++11 -pthread -pthread -pthread -include /home/stumble/learn/ndn/NFD/build/core-objects.2 -I/home/stumble/learn/ndn/NFD/build -I/home/stumble/learn/ndn/NFD -I/usr/local/include -I/usr/include -DNDEBUG -DHAVE_NDN_CXX=1 -DBOOST_LOG_DYN_LINK ../rib/readvertise/readvertised-route.cpp -c -o /home/stumble/learn/ndn/NFD/build/rib/readvertise/readvertised-route.cpp.4.o
[ 72/143] Compiling rib/fib-updater.cpp
15:44:38 [35mrunner[0m (exec) clang++ -O2 -g -pedantic -Wall -Wextra -Wno-unused-parameter -fcolor-diagnostics -Wno-unused-local-typedef -std=c++11 -pthread -pthread -pthread -include /home/stumble/learn/ndn/NFD/build/core-objects.2 -I/home/stumble/learn/ndn/NFD/build -I/home/stumble/learn/ndn/NFD -I/usr/local/include -I/usr/include -DNDEBUG -DHAVE_NDN_CXX=1 -DBOOST_LOG_DYN_LINK ../rib/fib-updater.cpp -c -o /home/stumble/learn/ndn/NFD/build/rib/fib-updater.cpp.4.o
[ 73/143] Compiling tools/nfdc/format-helpers.cpp
15:44:39 [35mrunner[0m (exec) clang++ -O2 -g -pedantic -Wall -Wextra -Wno-unused-parameter -fcolor-diagnostics -Wno-unused-local-typedef -std=c++11 -pthread -pthread -pthread -include /home/stumble/learn/ndn/NFD/build/core-objects.2 -I/home/stumble/learn/ndn/NFD/build/tools/nfdc -I/home/stumble/learn/ndn/NFD/tools/nfdc -I/home/stumble/learn/ndn/NFD/build -I/home/stumble/learn/ndn/NFD -I/usr/local/include -I/usr/include -DNDEBUG -DHAVE_NDN_CXX=1 -DBOOST_LOG_DYN_LINK ../tools/nfdc/format-helpers.cpp -c -o /home/stumble/learn/ndn/NFD/build/tools/nfdc/format-helpers.cpp.5.o
[ 74/143] Compiling core/logger.cpp
15:44:39 [35mrunner[0m (exec) clang++ -O2 -g -pedantic -Wall -Wextra -Wno-unused-parameter -fcolor-diagnostics -Wno-unused-local-typedef -std=c++11 -pthread -pthread -pthread -include /home/stumble/learn/ndn/NFD/build/core-objects.2 -I/home/stumble/learn/ndn/NFD/build -I/home/stumble/learn/ndn/NFD -I/home/stumble/learn/ndn/NFD/build/core -I/home/stumble/learn/ndn/NFD/core -I/usr/local/include -I/usr/include -DNDEBUG -DHAVE_NDN_CXX=1 -DBOOST_LOG_DYN_LINK ../core/logger.cpp -c -o /home/stumble/learn/ndn/NFD/build/core/logger.cpp.2.o
[ 75/143] Compiling daemon/mgmt/general-config-section.cpp
15:44:40 [35mrunner[0m (exec) clang++ -O2 -g -pedantic -Wall -Wextra -Wno-unused-parameter -fcolor-diagnostics -Wno-unused-local-typedef -std=c++11 -pthread -pthread -pthread -include /home/stumble/learn/ndn/NFD/build/core-objects.2 -I/home/stumble/learn/ndn/NFD/build/daemon -I/home/stumble/learn/ndn/NFD/daemon -I/home/stumble/learn/ndn/NFD/build -I/home/stumble/learn/ndn/NFD -I/usr/local/include -I/usr/include -DNDEBUG -DHAVE_NDN_CXX=1 -DBOOST_LOG_DYN_LINK ../daemon/mgmt/general-config-section.cpp -c -o /home/stumble/learn/ndn/NFD/build/daemon/mgmt/general-config-section.cpp.3.o
[ 76/143] Compiling rib/rib-update.cpp
15:44:41 [35mrunner[0m (exec) clang++ -O2 -g -pedantic -Wall -Wextra -Wno-unused-parameter -fcolor-diagnostics -Wno-unused-local-typedef -std=c++11 -pthread -pthread -pthread -include /home/stumble/learn/ndn/NFD/build/core-objects.2 -I/home/stumble/learn/ndn/NFD/build -I/home/stumble/learn/ndn/NFD -I/usr/local/include -I/usr/include -DNDEBUG -DHAVE_NDN_CXX=1 -DBOOST_LOG_DYN_LINK ../rib/rib-update.cpp -c -o /home/stumble/learn/ndn/NFD/build/rib/rib-update.cpp.4.o
[ 77/143] Compiling daemon/face/multicast-udp-transport.cpp
15:44:41 [35mrunner[0m (exec) clang++ -O2 -g -pedantic -Wall -Wextra -Wno-unused-parameter -fcolor-diagnostics -Wno-unused-local-typedef -std=c++11 -pthread -pthread -pthread -include /home/stumble/learn/ndn/NFD/build/core-objects.2 -I/home/stumble/learn/ndn/NFD/build/daemon -I/home/stumble/learn/ndn/NFD/daemon -I/home/stumble/learn/ndn/NFD/build -I/home/stumble/learn/ndn/NFD -I/usr/local/include -I/usr/include -DNDEBUG -DHAVE_NDN_CXX=1 -DBOOST_LOG_DYN_LINK ../daemon/face/multicast-udp-transport.cpp -c -o /home/stumble/learn/ndn/NFD/build/daemon/face/multicast-udp-transport.cpp.3.o
[ 78/143] Compiling daemon/fw/multicast-strategy.cpp
15:44:42 [35mrunner[0m (exec) clang++ -O2 -g -pedantic -Wall -Wextra -Wno-unused-parameter -fcolor-diagnostics -Wno-unused-local-typedef -std=c++11 -pthread -pthread -pthread -include /home/stumble/learn/ndn/NFD/build/core-objects.2 -I/home/stumble/learn/ndn/NFD/build/daemon -I/home/stumble/learn/ndn/NFD/daemon -I/home/stumble/learn/ndn/NFD/build -I/home/stumble/learn/ndn/NFD -I/usr/local/include -I/usr/include -DNDEBUG -DHAVE_NDN_CXX=1 -DBOOST_LOG_DYN_LINK ../daemon/fw/multicast-strategy.cpp -c -o /home/stumble/learn/ndn/NFD/build/daemon/fw/multicast-strategy.cpp.3.o
[ 79/143] Compiling daemon/table/measurements-entry.cpp
15:44:44 [35mrunner[0m (exec) clang++ -O2 -g -pedantic -Wall -Wextra -Wno-unused-parameter -fcolor-diagnostics -Wno-unused-local-typedef -std=c++11 -pthread -pthread -pthread -include /home/stumble/learn/ndn/NFD/build/core-objects.2 -I/home/stumble/learn/ndn/NFD/build/daemon -I/home/stumble/learn/ndn/NFD/daemon -I/home/stumble/learn/ndn/NFD/build -I/home/stumble/learn/ndn/NFD -I/usr/local/include -I/usr/include -DNDEBUG -DHAVE_NDN_CXX=1 -DBOOST_LOG_DYN_LINK ../daemon/table/measurements-entry.cpp -c -o /home/stumble/learn/ndn/NFD/build/daemon/table/measurements-entry.cpp.3.o
[ 80/143] Compiling tools/nfdc/strategy-choice-module.cpp
15:44:44 [35mrunner[0m (exec) clang++ -O2 -g -pedantic -Wall -Wextra -Wno-unused-parameter -fcolor-diagnostics -Wno-unused-local-typedef -std=c++11 -pthread -pthread -pthread -include /home/stumble/learn/ndn/NFD/build/core-objects.2 -I/home/stumble/learn/ndn/NFD/build/tools/nfdc -I/home/stumble/learn/ndn/NFD/tools/nfdc -I/home/stumble/learn/ndn/NFD/build -I/home/stumble/learn/ndn/NFD -I/usr/local/include -I/usr/include -DNDEBUG -DHAVE_NDN_CXX=1 -DBOOST_LOG_DYN_LINK ../tools/nfdc/strategy-choice-module.cpp -c -o /home/stumble/learn/ndn/NFD/build/tools/nfdc/strategy-choice-module.cpp.5.o
[ 81/143] Compiling daemon/nfd.cpp
15:44:45 [35mrunner[0m (exec) clang++ -O2 -g -pedantic -Wall -Wextra -Wno-unused-parameter -fcolor-diagnostics -Wno-unused-local-typedef -std=c++11 -pthread -pthread -pthread -include /home/stumble/learn/ndn/NFD/build/core-objects.2 -I/home/stumble/learn/ndn/NFD/build/daemon -I/home/stumble/learn/ndn/NFD/daemon -I/home/stumble/learn/ndn/NFD/build -I/home/stumble/learn/ndn/NFD -I/usr/local/include -I/usr/include -DNDEBUG -DHAVE_NDN_CXX=1 -DBOOST_LOG_DYN_LINK ../daemon/nfd.cpp -c -o /home/stumble/learn/ndn/NFD/build/daemon/nfd.cpp.3.o
[ 82/143] Compiling tools/nfdc/main.cpp
15:44:45 [35mrunner[0m (exec) clang++ -O2 -g -pedantic -Wall -Wextra -Wno-unused-parameter -fcolor-diagnostics -Wno-unused-local-typedef -std=c++11 -pthread -pthread -pthread -include /home/stumble/learn/ndn/NFD/build/core-objects.2 -I/home/stumble/learn/ndn/NFD/build/tools/nfdc -I/home/stumble/learn/ndn/NFD/tools/nfdc -I/home/stumble/learn/ndn/NFD/build -I/home/stumble/learn/ndn/NFD -I/usr/local/include -I/usr/include -DNDEBUG -DHAVE_NDN_CXX=1 -DBOOST_LOG_DYN_LINK ../tools/nfdc/main.cpp -c -o /home/stumble/learn/ndn/NFD/build/tools/nfdc/main.cpp.6.o
[ 83/143] Compiling core/privilege-helper.cpp
15:44:45 [35mrunner[0m (exec) clang++ -O2 -g -pedantic -Wall -Wextra -Wno-unused-parameter -fcolor-diagnostics -Wno-unused-local-typedef -std=c++11 -pthread -pthread -pthread -include /home/stumble/learn/ndn/NFD/build/core-objects.2 -I/home/stumble/learn/ndn/NFD/build -I/home/stumble/learn/ndn/NFD -I/home/stumble/learn/ndn/NFD/build/core -I/home/stumble/learn/ndn/NFD/core -I/usr/local/include -I/usr/include -DNDEBUG -DHAVE_NDN_CXX=1 -DBOOST_LOG_DYN_LINK ../core/privilege-helper.cpp -c -o /home/stumble/learn/ndn/NFD/build/core/privilege-helper.cpp.2.o
[ 84/143] Compiling tools/nfdc/forwarder-general-module.cpp
15:44:47 [35mrunner[0m (exec) clang++ -O2 -g -pedantic -Wall -Wextra -Wno-unused-parameter -fcolor-diagnostics -Wno-unused-local-typedef -std=c++11 -pthread -pthread -pthread -include /home/stumble/learn/ndn/NFD/build/core-objects.2 -I/home/stumble/learn/ndn/NFD/build/tools/nfdc -I/home/stumble/learn/ndn/NFD/tools/nfdc -I/home/stumble/learn/ndn/NFD/build -I/home/stumble/learn/ndn/NFD -I/usr/local/include -I/usr/include -DNDEBUG -DHAVE_NDN_CXX=1 -DBOOST_LOG_DYN_LINK ../tools/nfdc/forwarder-general-module.cpp -c -o /home/stumble/learn/ndn/NFD/build/tools/nfdc/forwarder-general-module.cpp.5.o
[ 85/143] Compiling rib/rib-entry.cpp
15:44:47 [35mrunner[0m (exec) clang++ -O2 -g -pedantic -Wall -Wextra -Wno-unused-parameter -fcolor-diagnostics -Wno-unused-local-typedef -std=c++11 -pthread -pthread -pthread -include /home/stumble/learn/ndn/NFD/build/core-objects.2 -I/home/stumble/learn/ndn/NFD/build -I/home/stumble/learn/ndn/NFD -I/usr/local/include -I/usr/include -DNDEBUG -DHAVE_NDN_CXX=1 -DBOOST_LOG_DYN_LINK ../rib/rib-entry.cpp -c -o /home/stumble/learn/ndn/NFD/build/rib/rib-entry.cpp.4.o
[ 86/143] Compiling daemon/fw/asf-strategy.cpp
15:44:48 [35mrunner[0m (exec) clang++ -O2 -g -pedantic -Wall -Wextra -Wno-unused-parameter -fcolor-diagnostics -Wno-unused-local-typedef -std=c++11 -pthread -pthread -pthread -include /home/stumble/learn/ndn/NFD/build/core-objects.2 -I/home/stumble/learn/ndn/NFD/build/daemon -I/home/stumble/learn/ndn/NFD/daemon -I/home/stumble/learn/ndn/NFD/build -I/home/stumble/learn/ndn/NFD -I/usr/local/include -I/usr/include -DNDEBUG -DHAVE_NDN_CXX=1 -DBOOST_LOG_DYN_LINK ../daemon/fw/asf-strategy.cpp -c -o /home/stumble/learn/ndn/NFD/build/daemon/fw/asf-strategy.cpp.3.o
[ 87/143] Compiling daemon/table/measurements-accessor.cpp
15:44:49 [35mrunner[0m (exec) clang++ -O2 -g -pedantic -Wall -Wextra -Wno-unused-parameter -fcolor-diagnostics -Wno-unused-local-typedef -std=c++11 -pthread -pthread -pthread -include /home/stumble/learn/ndn/NFD/build/core-objects.2 -I/home/stumble/learn/ndn/NFD/build/daemon -I/home/stumble/learn/ndn/NFD/daemon -I/home/stumble/learn/ndn/NFD/build -I/home/stumble/learn/ndn/NFD -I/usr/local/include -I/usr/include -DNDEBUG -DHAVE_NDN_CXX=1 -DBOOST_LOG_DYN_LINK ../daemon/table/measurements-accessor.cpp -c -o /home/stumble/learn/ndn/NFD/build/daemon/table/measurements-accessor.cpp.3.o
[ 88/143] Compiling daemon/table/pit-in-record.cpp
15:44:50 [35mrunner[0m (exec) clang++ -O2 -g -pedantic -Wall -Wextra -Wno-unused-parameter -fcolor-diagnostics -Wno-unused-local-typedef -std=c++11 -pthread -pthread -pthread -include /home/stumble/learn/ndn/NFD/build/core-objects.2 -I/home/stumble/learn/ndn/NFD/build/daemon -I/home/stumble/learn/ndn/NFD/daemon -I/home/stumble/learn/ndn/NFD/build -I/home/stumble/learn/ndn/NFD -I/usr/local/include -I/usr/include -DNDEBUG -DHAVE_NDN_CXX=1 -DBOOST_LOG_DYN_LINK ../daemon/table/pit-in-record.cpp -c -o /home/stumble/learn/ndn/NFD/build/daemon/table/pit-in-record.cpp.3.o
[ 89/143] Compiling rib/rib-manager.cpp
15:44:50 [35mrunner[0m (exec) clang++ -O2 -g -pedantic -Wall -Wextra -Wno-unused-parameter -fcolor-diagnostics -Wno-unused-local-typedef -std=c++11 -pthread -pthread -pthread -include /home/stumble/learn/ndn/NFD/build/core-objects.2 -I/home/stumble/learn/ndn/NFD/build -I/home/stumble/learn/ndn/NFD -I/usr/local/include -I/usr/include -DNDEBUG -DHAVE_NDN_CXX=1 -DBOOST_LOG_DYN_LINK ../rib/rib-manager.cpp -c -o /home/stumble/learn/ndn/NFD/build/rib/rib-manager.cpp.4.o
[ 90/143] Compiling daemon/face/generic-link-service.cpp
15:44:51 [35mrunner[0m (exec) clang++ -O2 -g -pedantic -Wall -Wextra -Wno-unused-parameter -fcolor-diagnostics -Wno-unused-local-typedef -std=c++11 -pthread -pthread -pthread -include /home/stumble/learn/ndn/NFD/build/core-objects.2 -I/home/stumble/learn/ndn/NFD/build/daemon -I/home/stumble/learn/ndn/NFD/daemon -I/home/stumble/learn/ndn/NFD/build -I/home/stumble/learn/ndn/NFD -I/usr/local/include -I/usr/include -DNDEBUG -DHAVE_NDN_CXX=1 -DBOOST_LOG_DYN_LINK ../daemon/face/generic-link-service.cpp -c -o /home/stumble/learn/ndn/NFD/build/daemon/face/generic-link-service.cpp.3.o
[ 91/143] Compiling daemon/fw/rtt-estimator.cpp
15:44:52 [35mrunner[0m (exec) clang++ -O2 -g -pedantic -Wall -Wextra -Wno-unused-parameter -fcolor-diagnostics -Wno-unused-local-typedef -std=c++11 -pthread -pthread -pthread -include /home/stumble/learn/ndn/NFD/build/core-objects.2 -I/home/stumble/learn/ndn/NFD/build/daemon -I/home/stumble/learn/ndn/NFD/daemon -I/home/stumble/learn/ndn/NFD/build -I/home/stumble/learn/ndn/NFD -I/usr/local/include -I/usr/include -DNDEBUG -DHAVE_NDN_CXX=1 -DBOOST_LOG_DYN_LINK ../daemon/fw/rtt-estimator.cpp -c -o /home/stumble/learn/ndn/NFD/build/daemon/fw/rtt-estimator.cpp.3.o
[ 92/143] Compiling daemon/table/measurements.cpp
15:44:52 [35mrunner[0m (exec) clang++ -O2 -g -pedantic -Wall -Wextra -Wno-unused-parameter -fcolor-diagnostics -Wno-unused-local-typedef -std=c++11 -pthread -pthread -pthread -include /home/stumble/learn/ndn/NFD/build/core-objects.2 -I/home/stumble/learn/ndn/NFD/build/daemon -I/home/stumble/learn/ndn/NFD/daemon -I/home/stumble/learn/ndn/NFD/build -I/home/stumble/learn/ndn/NFD -I/usr/local/include -I/usr/include -DNDEBUG -DHAVE_NDN_CXX=1 -DBOOST_LOG_DYN_LINK ../daemon/table/measurements.cpp -c -o /home/stumble/learn/ndn/NFD/build/daemon/table/measurements.cpp.3.o
[ 93/143] Compiling daemon/face/tcp-factory.cpp
15:44:53 [35mrunner[0m (exec) clang++ -O2 -g -pedantic -Wall -Wextra -Wno-unused-parameter -fcolor-diagnostics -Wno-unused-local-typedef -std=c++11 -pthread -pthread -pthread -include /home/stumble/learn/ndn/NFD/build/core-objects.2 -I/home/stumble/learn/ndn/NFD/build/daemon -I/home/stumble/learn/ndn/NFD/daemon -I/home/stumble/learn/ndn/NFD/build -I/home/stumble/learn/ndn/NFD -I/usr/local/include -I/usr/include -DNDEBUG -DHAVE_NDN_CXX=1 -DBOOST_LOG_DYN_LINK ../daemon/face/tcp-factory.cpp -c -o /home/stumble/learn/ndn/NFD/build/daemon/face/tcp-factory.cpp.3.o
[ 94/143] Compiling daemon/fw/retx-suppression-fixed.cpp
15:44:55 [35mrunner[0m (exec) clang++ -O2 -g -pedantic -Wall -Wextra -Wno-unused-parameter -fcolor-diagnostics -Wno-unused-local-typedef -std=c++11 -pthread -pthread -pthread -include /home/stumble/learn/ndn/NFD/build/core-objects.2 -I/home/stumble/learn/ndn/NFD/build/daemon -I/home/stumble/learn/ndn/NFD/daemon -I/home/stumble/learn/ndn/NFD/build -I/home/stumble/learn/ndn/NFD -I/usr/local/include -I/usr/include -DNDEBUG -DHAVE_NDN_CXX=1 -DBOOST_LOG_DYN_LINK ../daemon/fw/retx-suppression-fixed.cpp -c -o /home/stumble/learn/ndn/NFD/build/daemon/fw/retx-suppression-fixed.cpp.3.o
[ 95/143] Compiling core/logger-factory.cpp
15:44:57 [35mrunner[0m (exec) clang++ -O2 -g -pedantic -Wall -Wextra -Wno-unused-parameter -fcolor-diagnostics -Wno-unused-local-typedef -std=c++11 -pthread -pthread -pthread -include /home/stumble/learn/ndn/NFD/build/core-objects.2 -I/home/stumble/learn/ndn/NFD/build -I/home/stumble/learn/ndn/NFD -I/home/stumble/learn/ndn/NFD/build/core -I/home/stumble/learn/ndn/NFD/core -I/usr/local/include -I/usr/include -DNDEBUG -DHAVE_NDN_CXX=1 -DBOOST_LOG_DYN_LINK ../core/logger-factory.cpp -c -o /home/stumble/learn/ndn/NFD/build/core/logger-factory.cpp.2.o
[ 96/143] Compiling core/network-interface.cpp
15:44:57 [35mrunner[0m (exec) clang++ -O2 -g -pedantic -Wall -Wextra -Wno-unused-parameter -fcolor-diagnostics -Wno-unused-local-typedef -std=c++11 -pthread -pthread -pthread -include /home/stumble/learn/ndn/NFD/build/core-objects.2 -I/home/stumble/learn/ndn/NFD/build -I/home/stumble/learn/ndn/NFD -I/home/stumble/learn/ndn/NFD/build/core -I/home/stumble/learn/ndn/NFD/core -I/usr/local/include -I/usr/include -DNDEBUG -DHAVE_NDN_CXX=1 -DBOOST_LOG_DYN_LINK ../core/network-interface.cpp -c -o /home/stumble/learn/ndn/NFD/build/core/network-interface.cpp.2.o
[ 97/143] Compiling daemon/table/fib-entry.cpp
15:44:58 [35mrunner[0m (exec) clang++ -O2 -g -pedantic -Wall -Wextra -Wno-unused-parameter -fcolor-diagnostics -Wno-unused-local-typedef -std=c++11 -pthread -pthread -pthread -include /home/stumble/learn/ndn/NFD/build/core-objects.2 -I/home/stumble/learn/ndn/NFD/build/daemon -I/home/stumble/learn/ndn/NFD/daemon -I/home/stumble/learn/ndn/NFD/build -I/home/stumble/learn/ndn/NFD -I/usr/local/include -I/usr/include -DNDEBUG -DHAVE_NDN_CXX=1 -DBOOST_LOG_DYN_LINK ../daemon/table/fib-entry.cpp -c -o /home/stumble/learn/ndn/NFD/build/daemon/table/fib-entry.cpp.3.o
[ 98/143] Compiling tools/nfdc/fib-module.cpp
15:45:00 [35mrunner[0m (exec) clang++ -O2 -g -pedantic -Wall -Wextra -Wno-unused-parameter -fcolor-diagnostics -Wno-unused-local-typedef -std=c++11 -pthread -pthread -pthread -include /home/stumble/learn/ndn/NFD/build/core-objects.2 -I/home/stumble/learn/ndn/NFD/build/tools/nfdc -I/home/stumble/learn/ndn/NFD/tools/nfdc -I/home/stumble/learn/ndn/NFD/build -I/home/stumble/learn/ndn/NFD -I/usr/local/include -I/usr/include -DNDEBUG -DHAVE_NDN_CXX=1 -DBOOST_LOG_DYN_LINK ../tools/nfdc/fib-module.cpp -c -o /home/stumble/learn/ndn/NFD/build/tools/nfdc/fib-module.cpp.5.o
[ 99/143] Compiling rib/rib.cpp
15:45:00 [35mrunner[0m (exec) clang++ -O2 -g -pedantic -Wall -Wextra -Wno-unused-parameter -fcolor-diagnostics -Wno-unused-local-typedef -std=c++11 -pthread -pthread -pthread -include /home/stumble/learn/ndn/NFD/build/core-objects.2 -I/home/stumble/learn/ndn/NFD/build -I/home/stumble/learn/ndn/NFD -I/usr/local/include -I/usr/include -DNDEBUG -DHAVE_NDN_CXX=1 -DBOOST_LOG_DYN_LINK ../rib/rib.cpp -c -o /home/stumble/learn/ndn/NFD/build/rib/rib.cpp.4.o
[100/143] Compiling daemon/face/internal-transport.cpp
15:45:03 [35mrunner[0m (exec) clang++ -O2 -g -pedantic -Wall -Wextra -Wno-unused-parameter -fcolor-diagnostics -Wno-unused-local-typedef -std=c++11 -pthread -pthread -pthread -include /home/stumble/learn/ndn/NFD/build/core-objects.2 -I/home/stumble/learn/ndn/NFD/build/daemon -I/home/stumble/learn/ndn/NFD/daemon -I/home/stumble/learn/ndn/NFD/build -I/home/stumble/learn/ndn/NFD -I/usr/local/include -I/usr/include -DNDEBUG -DHAVE_NDN_CXX=1 -DBOOST_LOG_DYN_LINK ../daemon/face/internal-transport.cpp -c -o /home/stumble/learn/ndn/NFD/build/daemon/face/internal-transport.cpp.3.o
[101/143] Compiling daemon/fw/strategy.cpp
15:45:03 [35mrunner[0m (exec) clang++ -O2 -g -pedantic -Wall -Wextra -Wno-unused-parameter -fcolor-diagnostics -Wno-unused-local-typedef -std=c++11 -pthread -pthread -pthread -include /home/stumble/learn/ndn/NFD/build/core-objects.2 -I/home/stumble/learn/ndn/NFD/build/daemon -I/home/stumble/learn/ndn/NFD/daemon -I/home/stumble/learn/ndn/NFD/build -I/home/stumble/learn/ndn/NFD -I/usr/local/include -I/usr/include -DNDEBUG -DHAVE_NDN_CXX=1 -DBOOST_LOG_DYN_LINK ../daemon/fw/strategy.cpp -c -o /home/stumble/learn/ndn/NFD/build/daemon/fw/strategy.cpp.3.o
[102/143] Compiling tools/ndn-autoconfig/ndn-fch-discovery.cpp
15:45:03 [35mrunner[0m (exec) clang++ -O2 -g -pedantic -Wall -Wextra -Wno-unused-parameter -fcolor-diagnostics -Wno-unused-local-typedef -std=c++11 -pthread -pthread -pthread -include /home/stumble/learn/ndn/NFD/build/core-objects.2 -I/home/stumble/learn/ndn/NFD/build/tools/ndn-autoconfig -I/home/stumble/learn/ndn/NFD/tools/ndn-autoconfig -I/home/stumble/learn/ndn/NFD/build -I/home/stumble/learn/ndn/NFD -I/usr/local/include -I/usr/include -DNDEBUG -DHAVE_NDN_CXX=1 -DBOOST_LOG_DYN_LINK ../tools/ndn-autoconfig/ndn-fch-discovery.cpp -c -o /home/stumble/learn/ndn/NFD/build/tools/ndn-autoconfig/ndn-fch-discovery.cpp.3.o
[103/143] Compiling daemon/table/name-tree-iterator.cpp
15:45:06 [35mrunner[0m (exec) clang++ -O2 -g -pedantic -Wall -Wextra -Wno-unused-parameter -fcolor-diagnostics -Wno-unused-local-typedef -std=c++11 -pthread -pthread -pthread -include /home/stumble/learn/ndn/NFD/build/core-objects.2 -I/home/stumble/learn/ndn/NFD/build/daemon -I/home/stumble/learn/ndn/NFD/daemon -I/home/stumble/learn/ndn/NFD/build -I/home/stumble/learn/ndn/NFD -I/usr/local/include -I/usr/include -DNDEBUG -DHAVE_NDN_CXX=1 -DBOOST_LOG_DYN_LINK ../daemon/table/name-tree-iterator.cpp -c -o /home/stumble/learn/ndn/NFD/build/daemon/table/name-tree-iterator.cpp.3.o
[104/143] Compiling daemon/face/unix-stream-transport.cpp
15:45:06 [35mrunner[0m (exec) clang++ -O2 -g -pedantic -Wall -Wextra -Wno-unused-parameter -fcolor-diagnostics -Wno-unused-local-typedef -std=c++11 -pthread -pthread -pthread -include /home/stumble/learn/ndn/NFD/build/core-objects.2 -I/home/stumble/learn/ndn/NFD/build/daemon -I/home/stumble/learn/ndn/NFD/daemon -I/home/stumble/learn/ndn/NFD/build -I/home/stumble/learn/ndn/NFD -I/usr/local/include -I/usr/include -DNDEBUG -DHAVE_NDN_CXX=1 -DBOOST_LOG_DYN_LINK ../daemon/face/unix-stream-transport.cpp -c -o /home/stumble/learn/ndn/NFD/build/daemon/face/unix-stream-transport.cpp.3.o
[105/143] Compiling tools/nfdc/face-module.cpp
15:45:07 [35mrunner[0m (exec) clang++ -O2 -g -pedantic -Wall -Wextra -Wno-unused-parameter -fcolor-diagnostics -Wno-unused-local-typedef -std=c++11 -pthread -pthread -pthread -include /home/stumble/learn/ndn/NFD/build/core-objects.2 -I/home/stumble/learn/ndn/NFD/build/tools/nfdc -I/home/stumble/learn/ndn/NFD/tools/nfdc -I/home/stumble/learn/ndn/NFD/build -I/home/stumble/learn/ndn/NFD -I/usr/local/include -I/usr/include -DNDEBUG -DHAVE_NDN_CXX=1 -DBOOST_LOG_DYN_LINK ../tools/nfdc/face-module.cpp -c -o /home/stumble/learn/ndn/NFD/build/tools/nfdc/face-module.cpp.5.o
[106/143] Compiling daemon/face/unix-stream-factory.cpp
15:45:08 [35mrunner[0m (exec) clang++ -O2 -g -pedantic -Wall -Wextra -Wno-unused-parameter -fcolor-diagnostics -Wno-unused-local-typedef -std=c++11 -pthread -pthread -pthread -include /home/stumble/learn/ndn/NFD/build/core-objects.2 -I/home/stumble/learn/ndn/NFD/build/daemon -I/home/stumble/learn/ndn/NFD/daemon -I/home/stumble/learn/ndn/NFD/build -I/home/stumble/learn/ndn/NFD -I/usr/local/include -I/usr/include -DNDEBUG -DHAVE_NDN_CXX=1 -DBOOST_LOG_DYN_LINK ../daemon/face/unix-stream-factory.cpp -c -o /home/stumble/learn/ndn/NFD/build/daemon/face/unix-stream-factory.cpp.3.o
[107/143] Compiling daemon/table/cs-policy-lru.cpp
15:45:09 [35mrunner[0m (exec) clang++ -O2 -g -pedantic -Wall -Wextra -Wno-unused-parameter -fcolor-diagnostics -Wno-unused-local-typedef -std=c++11 -pthread -pthread -pthread -include /home/stumble/learn/ndn/NFD/build/core-objects.2 -I/home/stumble/learn/ndn/NFD/build/daemon -I/home/stumble/learn/ndn/NFD/daemon -I/home/stumble/learn/ndn/NFD/build -I/home/stumble/learn/ndn/NFD -I/usr/local/include -I/usr/include -DNDEBUG -DHAVE_NDN_CXX=1 -DBOOST_LOG_DYN_LINK ../daemon/table/cs-policy-lru.cpp -c -o /home/stumble/learn/ndn/NFD/build/daemon/table/cs-policy-lru.cpp.3.o
[108/143] Compiling core/manager-base.cpp
15:45:10 [35mrunner[0m (exec) clang++ -O2 -g -pedantic -Wall -Wextra -Wno-unused-parameter -fcolor-diagnostics -Wno-unused-local-typedef -std=c++11 -pthread -pthread -pthread -include /home/stumble/learn/ndn/NFD/build/core-objects.2 -I/home/stumble/learn/ndn/NFD/build -I/home/stumble/learn/ndn/NFD -I/home/stumble/learn/ndn/NFD/build/core -I/home/stumble/learn/ndn/NFD/core -I/usr/local/include -I/usr/include -DNDEBUG -DHAVE_NDN_CXX=1 -DBOOST_LOG_DYN_LINK ../core/manager-base.cpp -c -o /home/stumble/learn/ndn/NFD/build/core/manager-base.cpp.2.o
[109/143] Compiling core/scheduler.cpp
15:45:11 [35mrunner[0m (exec) clang++ -O2 -g -pedantic -Wall -Wextra -Wno-unused-parameter -fcolor-diagnostics -Wno-unused-local-typedef -std=c++11 -pthread -pthread -pthread -include /home/stumble/learn/ndn/NFD/build/core-objects.2 -I/home/stumble/learn/ndn/NFD/build -I/home/stumble/learn/ndn/NFD -I/home/stumble/learn/ndn/NFD/build/core -I/home/stumble/learn/ndn/NFD/core -I/usr/local/include -I/usr/include -DNDEBUG -DHAVE_NDN_CXX=1 -DBOOST_LOG_DYN_LINK ../core/scheduler.cpp -c -o /home/stumble/learn/ndn/NFD/build/core/scheduler.cpp.2.o
[110/143] Compiling daemon/face/internal-face.cpp
15:45:12 [35mrunner[0m (exec) clang++ -O2 -g -pedantic -Wall -Wextra -Wno-unused-parameter -fcolor-diagnostics -Wno-unused-local-typedef -std=c++11 -pthread -pthread -pthread -include /home/stumble/learn/ndn/NFD/build/core-objects.2 -I/home/stumble/learn/ndn/NFD/build/daemon -I/home/stumble/learn/ndn/NFD/daemon -I/home/stumble/learn/ndn/NFD/build -I/home/stumble/learn/ndn/NFD -I/usr/local/include -I/usr/include -DNDEBUG -DHAVE_NDN_CXX=1 -DBOOST_LOG_DYN_LINK ../daemon/face/internal-face.cpp -c -o /home/stumble/learn/ndn/NFD/build/daemon/face/internal-face.cpp.3.o
[111/143] Compiling tools/nfd-autoreg.cpp
15:45:12 [35mrunner[0m (exec) clang++ -O2 -g -pedantic -Wall -Wextra -Wno-unused-parameter -fcolor-diagnostics -Wno-unused-local-typedef -std=c++11 -pthread -pthread -pthread -include /home/stumble/learn/ndn/NFD/build/core-objects.2 -I/home/stumble/learn/ndn/NFD/build -I/home/stumble/learn/ndn/NFD -I/usr/local/include -I/usr/include -DNDEBUG -DHAVE_NDN_CXX=1 -DBOOST_LOG_DYN_LINK ../tools/nfd-autoreg.cpp -c -o /home/stumble/learn/ndn/NFD/build/tools/nfd-autoreg.cpp.2.o
[112/143] Compiling daemon/face/unicast-udp-transport.cpp
15:45:12 [35mrunner[0m (exec) clang++ -O2 -g -pedantic -Wall -Wextra -Wno-unused-parameter -fcolor-diagnostics -Wno-unused-local-typedef -std=c++11 -pthread -pthread -pthread -include /home/stumble/learn/ndn/NFD/build/core-objects.2 -I/home/stumble/learn/ndn/NFD/build/daemon -I/home/stumble/learn/ndn/NFD/daemon -I/home/stumble/learn/ndn/NFD/build -I/home/stumble/learn/ndn/NFD -I/usr/local/include -I/usr/include -DNDEBUG -DHAVE_NDN_CXX=1 -DBOOST_LOG_DYN_LINK ../daemon/face/unicast-udp-transport.cpp -c -o /home/stumble/learn/ndn/NFD/build/daemon/face/unicast-udp-transport.cpp.3.o
[113/143] Compiling tools/ndn-autoconfig/main.cpp
15:45:13 [35mrunner[0m (exec) clang++ -O2 -g -pedantic -Wall -Wextra -Wno-unused-parameter -fcolor-diagnostics -Wno-unused-local-typedef -std=c++11 -pthread -pthread -pthread -include /home/stumble/learn/ndn/NFD/build/core-objects.2 -I/home/stumble/learn/ndn/NFD/build/tools/ndn-autoconfig -I/home/stumble/learn/ndn/NFD/tools/ndn-autoconfig -I/home/stumble/learn/ndn/NFD/build -I/home/stumble/learn/ndn/NFD -I/usr/local/include -I/usr/include -DNDEBUG -DHAVE_NDN_CXX=1 -DBOOST_LOG_DYN_LINK ../tools/ndn-autoconfig/main.cpp -c -o /home/stumble/learn/ndn/NFD/build/tools/ndn-autoconfig/main.cpp.4.o
[114/143] Compiling tools/ndn-autoconfig/guess-from-identity-name.cpp
15:45:15 [35mrunner[0m (exec) clang++ -O2 -g -pedantic -Wall -Wextra -Wno-unused-parameter -fcolor-diagnostics -Wno-unused-local-typedef -std=c++11 -pthread -pthread -pthread -include /home/stumble/learn/ndn/NFD/build/core-objects.2 -I/home/stumble/learn/ndn/NFD/build/tools/ndn-autoconfig -I/home/stumble/learn/ndn/NFD/tools/ndn-autoconfig -I/home/stumble/learn/ndn/NFD/build -I/home/stumble/learn/ndn/NFD -I/usr/local/include -I/usr/include -DNDEBUG -DHAVE_NDN_CXX=1 -DBOOST_LOG_DYN_LINK ../tools/ndn-autoconfig/guess-from-identity-name.cpp -c -o /home/stumble/learn/ndn/NFD/build/tools/ndn-autoconfig/guess-from-identity-name.cpp.3.o
[115/143] Compiling daemon/mgmt/nfd-manager-base.cpp
15:45:15 [35mrunner[0m (exec) clang++ -O2 -g -pedantic -Wall -Wextra -Wno-unused-parameter -fcolor-diagnostics -Wno-unused-local-typedef -std=c++11 -pthread -pthread -pthread -include /home/stumble/learn/ndn/NFD/build/core-objects.2 -I/home/stumble/learn/ndn/NFD/build/daemon -I/home/stumble/learn/ndn/NFD/daemon -I/home/stumble/learn/ndn/NFD/build -I/home/stumble/learn/ndn/NFD -I/usr/local/include -I/usr/include -DNDEBUG -DHAVE_NDN_CXX=1 -DBOOST_LOG_DYN_LINK ../daemon/mgmt/nfd-manager-base.cpp -c -o /home/stumble/learn/ndn/NFD/build/daemon/mgmt/nfd-manager-base.cpp.3.o
[116/143] Compiling daemon/fw/asf-probing-module.cpp
15:45:17 [35mrunner[0m (exec) clang++ -O2 -g -pedantic -Wall -Wextra -Wno-unused-parameter -fcolor-diagnostics -Wno-unused-local-typedef -std=c++11 -pthread -pthread -pthread -include /home/stumble/learn/ndn/NFD/build/core-objects.2 -I/home/stumble/learn/ndn/NFD/build/daemon -I/home/stumble/learn/ndn/NFD/daemon -I/home/stumble/learn/ndn/NFD/build -I/home/stumble/learn/ndn/NFD -I/usr/local/include -I/usr/include -DNDEBUG -DHAVE_NDN_CXX=1 -DBOOST_LOG_DYN_LINK ../daemon/fw/asf-probing-module.cpp -c -o /home/stumble/learn/ndn/NFD/build/daemon/fw/asf-probing-module.cpp.3.o
[117/143] Compiling daemon/face/tcp-channel.cpp
15:45:18 [35mrunner[0m (exec) clang++ -O2 -g -pedantic -Wall -Wextra -Wno-unused-parameter -fcolor-diagnostics -Wno-unused-local-typedef -std=c++11 -pthread -pthread -pthread -include /home/stumble/learn/ndn/NFD/build/core-objects.2 -I/home/stumble/learn/ndn/NFD/build/daemon -I/home/stumble/learn/ndn/NFD/daemon -I/home/stumble/learn/ndn/NFD/build -I/home/stumble/learn/ndn/NFD -I/usr/local/include -I/usr/include -DNDEBUG -DHAVE_NDN_CXX=1 -DBOOST_LOG_DYN_LINK ../daemon/face/tcp-channel.cpp -c -o /home/stumble/learn/ndn/NFD/build/daemon/face/tcp-channel.cpp.3.o
[118/143] Compiling daemon/face/udp-protocol.cpp
15:45:19 [35mrunner[0m (exec) clang++ -O2 -g -pedantic -Wall -Wextra -Wno-unused-parameter -fcolor-diagnostics -Wno-unused-local-typedef -std=c++11 -pthread -pthread -pthread -include /home/stumble/learn/ndn/NFD/build/core-objects.2 -I/home/stumble/learn/ndn/NFD/build/daemon -I/home/stumble/learn/ndn/NFD/daemon -I/home/stumble/learn/ndn/NFD/build -I/home/stumble/learn/ndn/NFD -I/usr/local/include -I/usr/include -DNDEBUG -DHAVE_NDN_CXX=1 -DBOOST_LOG_DYN_LINK ../daemon/face/udp-protocol.cpp -c -o /home/stumble/learn/ndn/NFD/build/daemon/face/udp-protocol.cpp.3.o
[119/143] Compiling daemon/table/cleanup.cpp
15:45:19 [35mrunner[0m (exec) clang++ -O2 -g -pedantic -Wall -Wextra -Wno-unused-parameter -fcolor-diagnostics -Wno-unused-local-typedef -std=c++11 -pthread -pthread -pthread -include /home/stumble/learn/ndn/NFD/build/core-objects.2 -I/home/stumble/learn/ndn/NFD/build/daemon -I/home/stumble/learn/ndn/NFD/daemon -I/home/stumble/learn/ndn/NFD/build -I/home/stumble/learn/ndn/NFD -I/usr/local/include -I/usr/include -DNDEBUG -DHAVE_NDN_CXX=1 -DBOOST_LOG_DYN_LINK ../daemon/table/cleanup.cpp -c -o /home/stumble/learn/ndn/NFD/build/daemon/table/cleanup.cpp.3.o
[120/143] Compiling daemon/table/name-tree-entry.cpp
15:45:20 [35mrunner[0m (exec) clang++ -O2 -g -pedantic -Wall -Wextra -Wno-unused-parameter -fcolor-diagnostics -Wno-unused-local-typedef -std=c++11 -pthread -pthread -pthread -include /home/stumble/learn/ndn/NFD/build/core-objects.2 -I/home/stumble/learn/ndn/NFD/build/daemon -I/home/stumble/learn/ndn/NFD/daemon -I/home/stumble/learn/ndn/NFD/build -I/home/stumble/learn/ndn/NFD -I/usr/local/include -I/usr/include -DNDEBUG -DHAVE_NDN_CXX=1 -DBOOST_LOG_DYN_LINK ../daemon/table/name-tree-entry.cpp -c -o /home/stumble/learn/ndn/NFD/build/daemon/table/name-tree-entry.cpp.3.o
[121/143] Compiling daemon/mgmt/strategy-choice-manager.cpp
15:45:22 [35mrunner[0m (exec) clang++ -O2 -g -pedantic -Wall -Wextra -Wno-unused-parameter -fcolor-diagnostics -Wno-unused-local-typedef -std=c++11 -pthread -pthread -pthread -include /home/stumble/learn/ndn/NFD/build/core-objects.2 -I/home/stumble/learn/ndn/NFD/build/daemon -I/home/stumble/learn/ndn/NFD/daemon -I/home/stumble/learn/ndn/NFD/build -I/home/stumble/learn/ndn/NFD -I/usr/local/include -I/usr/include -DNDEBUG -DHAVE_NDN_CXX=1 -DBOOST_LOG_DYN_LINK ../daemon/mgmt/strategy-choice-manager.cpp -c -o /home/stumble/learn/ndn/NFD/build/daemon/mgmt/strategy-choice-manager.cpp.3.o
[122/143] Compiling daemon/fw/face-table.cpp
15:45:22 [35mrunner[0m (exec) clang++ -O2 -g -pedantic -Wall -Wextra -Wno-unused-parameter -fcolor-diagnostics -Wno-unused-local-typedef -std=c++11 -pthread -pthread -pthread -include /home/stumble/learn/ndn/NFD/build/core-objects.2 -I/home/stumble/learn/ndn/NFD/build/daemon -I/home/stumble/learn/ndn/NFD/daemon -I/home/stumble/learn/ndn/NFD/build -I/home/stumble/learn/ndn/NFD -I/usr/local/include -I/usr/include -DNDEBUG -DHAVE_NDN_CXX=1 -DBOOST_LOG_DYN_LINK ../daemon/fw/face-table.cpp -c -o /home/stumble/learn/ndn/NFD/build/daemon/fw/face-table.cpp.3.o
[123/143] Compiling daemon/face/lp-fragmenter.cpp
15:45:23 [35mrunner[0m (exec) clang++ -O2 -g -pedantic -Wall -Wextra -Wno-unused-parameter -fcolor-diagnostics -Wno-unused-local-typedef -std=c++11 -pthread -pthread -pthread -include /home/stumble/learn/ndn/NFD/build/core-objects.2 -I/home/stumble/learn/ndn/NFD/build/daemon -I/home/stumble/learn/ndn/NFD/daemon -I/home/stumble/learn/ndn/NFD/build -I/home/stumble/learn/ndn/NFD -I/usr/local/include -I/usr/include -DNDEBUG -DHAVE_NDN_CXX=1 -DBOOST_LOG_DYN_LINK ../daemon/face/lp-fragmenter.cpp -c -o /home/stumble/learn/ndn/NFD/build/daemon/face/lp-fragmenter.cpp.3.o
[124/143] Compiling daemon/fw/forwarder.cpp
15:45:24 [35mrunner[0m (exec) clang++ -O2 -g -pedantic -Wall -Wextra -Wno-unused-parameter -fcolor-diagnostics -Wno-unused-local-typedef -std=c++11 -pthread -pthread -pthread -include /home/stumble/learn/ndn/NFD/build/core-objects.2 -I/home/stumble/learn/ndn/NFD/build/daemon -I/home/stumble/learn/ndn/NFD/daemon -I/home/stumble/learn/ndn/NFD/build -I/home/stumble/learn/ndn/NFD -I/usr/local/include -I/usr/include -DNDEBUG -DHAVE_NDN_CXX=1 -DBOOST_LOG_DYN_LINK ../daemon/fw/forwarder.cpp -c -o /home/stumble/learn/ndn/NFD/build/daemon/fw/forwarder.cpp.3.o
[125/143] Compiling daemon/fw/unsolicited-data-policy.cpp
15:45:25 [35mrunner[0m (exec) clang++ -O2 -g -pedantic -Wall -Wextra -Wno-unused-parameter -fcolor-diagnostics -Wno-unused-local-typedef -std=c++11 -pthread -pthread -pthread -include /home/stumble/learn/ndn/NFD/build/core-objects.2 -I/home/stumble/learn/ndn/NFD/build/daemon -I/home/stumble/learn/ndn/NFD/daemon -I/home/stumble/learn/ndn/NFD/build -I/home/stumble/learn/ndn/NFD -I/usr/local/include -I/usr/include -DNDEBUG -DHAVE_NDN_CXX=1 -DBOOST_LOG_DYN_LINK ../daemon/fw/unsolicited-data-policy.cpp -c -o /home/stumble/learn/ndn/NFD/build/daemon/fw/unsolicited-data-policy.cpp.3.o
[126/143] Compiling daemon/fw/best-route-strategy.cpp
15:45:26 [35mrunner[0m (exec) clang++ -O2 -g -pedantic -Wall -Wextra -Wno-unused-parameter -fcolor-diagnostics -Wno-unused-local-typedef -std=c++11 -pthread -pthread -pthread -include /home/stumble/learn/ndn/NFD/build/core-objects.2 -I/home/stumble/learn/ndn/NFD/build/daemon -I/home/stumble/learn/ndn/NFD/daemon -I/home/stumble/learn/ndn/NFD/build -I/home/stumble/learn/ndn/NFD -I/usr/local/include -I/usr/include -DNDEBUG -DHAVE_NDN_CXX=1 -DBOOST_LOG_DYN_LINK ../daemon/fw/best-route-strategy.cpp -c -o /home/stumble/learn/ndn/NFD/build/daemon/fw/best-route-strategy.cpp.3.o
[127/143] Compiling daemon/face/unix-stream-channel.cpp
15:45:28 [35mrunner[0m (exec) clang++ -O2 -g -pedantic -Wall -Wextra -Wno-unused-parameter -fcolor-diagnostics -Wno-unused-local-typedef -std=c++11 -pthread -pthread -pthread -include /home/stumble/learn/ndn/NFD/build/core-objects.2 -I/home/stumble/learn/ndn/NFD/build/daemon -I/home/stumble/learn/ndn/NFD/daemon -I/home/stumble/learn/ndn/NFD/build -I/home/stumble/learn/ndn/NFD -I/usr/local/include -I/usr/include -DNDEBUG -DHAVE_NDN_CXX=1 -DBOOST_LOG_DYN_LINK ../daemon/face/unix-stream-channel.cpp -c -o /home/stumble/learn/ndn/NFD/build/daemon/face/unix-stream-channel.cpp.3.o
[128/143] Compiling tools/ndn-autoconfig/guess-from-search-domains.cpp
15:45:29 [35mrunner[0m (exec) clang++ -O2 -g -pedantic -Wall -Wextra -Wno-unused-parameter -fcolor-diagnostics -Wno-unused-local-typedef -std=c++11 -pthread -pthread -pthread -include /home/stumble/learn/ndn/NFD/build/core-objects.2 -I/home/stumble/learn/ndn/NFD/build/tools/ndn-autoconfig -I/home/stumble/learn/ndn/NFD/tools/ndn-autoconfig -I/home/stumble/learn/ndn/NFD/build -I/home/stumble/learn/ndn/NFD -I/usr/local/include -I/usr/include -DNDEBUG -DHAVE_NDN_CXX=1 -DBOOST_LOG_DYN_LINK ../tools/ndn-autoconfig/guess-from-search-domains.cpp -c -o /home/stumble/learn/ndn/NFD/build/tools/ndn-autoconfig/guess-from-search-domains.cpp.3.o
[129/143] Compiling daemon/table/pit-face-record.cpp
15:45:29 [35mrunner[0m (exec) clang++ -O2 -g -pedantic -Wall -Wextra -Wno-unused-parameter -fcolor-diagnostics -Wno-unused-local-typedef -std=c++11 -pthread -pthread -pthread -include /home/stumble/learn/ndn/NFD/build/core-objects.2 -I/home/stumble/learn/ndn/NFD/build/daemon -I/home/stumble/learn/ndn/NFD/daemon -I/home/stumble/learn/ndn/NFD/build -I/home/stumble/learn/ndn/NFD -I/usr/local/include -I/usr/include -DNDEBUG -DHAVE_NDN_CXX=1 -DBOOST_LOG_DYN_LINK ../daemon/table/pit-face-record.cpp -c -o /home/stumble/learn/ndn/NFD/build/daemon/table/pit-face-record.cpp.3.o
[130/143] Compiling daemon/fw/algorithm.cpp
15:45:30 [35mrunner[0m (exec) clang++ -O2 -g -pedantic -Wall -Wextra -Wno-unused-parameter -fcolor-diagnostics -Wno-unused-local-typedef -std=c++11 -pthread -pthread -pthread -include /home/stumble/learn/ndn/NFD/build/core-objects.2 -I/home/stumble/learn/ndn/NFD/build/daemon -I/home/stumble/learn/ndn/NFD/daemon -I/home/stumble/learn/ndn/NFD/build -I/home/stumble/learn/ndn/NFD -I/usr/local/include -I/usr/include -DNDEBUG -DHAVE_NDN_CXX=1 -DBOOST_LOG_DYN_LINK ../daemon/fw/algorithm.cpp -c -o /home/stumble/learn/ndn/NFD/build/daemon/fw/algorithm.cpp.3.o
[131/143] Compiling daemon/fw/client-control-strategy.cpp
15:45:31 [35mrunner[0m (exec) clang++ -O2 -g -pedantic -Wall -Wextra -Wno-unused-parameter -fcolor-diagnostics -Wno-unused-local-typedef -std=c++11 -pthread -pthread -pthread -include /home/stumble/learn/ndn/NFD/build/core-objects.2 -I/home/stumble/learn/ndn/NFD/build/daemon -I/home/stumble/learn/ndn/NFD/daemon -I/home/stumble/learn/ndn/NFD/build -I/home/stumble/learn/ndn/NFD -I/usr/local/include -I/usr/include -DNDEBUG -DHAVE_NDN_CXX=1 -DBOOST_LOG_DYN_LINK ../daemon/fw/client-control-strategy.cpp -c -o /home/stumble/learn/ndn/NFD/build/daemon/fw/client-control-strategy.cpp.3.o
[132/143] Compiling daemon/mgmt/tables-config-section.cpp
15:45:31 [35mrunner[0m (exec) clang++ -O2 -g -pedantic -Wall -Wextra -Wno-unused-parameter -fcolor-diagnostics -Wno-unused-local-typedef -std=c++11 -pthread -pthread -pthread -include /home/stumble/learn/ndn/NFD/build/core-objects.2 -I/home/stumble/learn/ndn/NFD/build/daemon -I/home/stumble/learn/ndn/NFD/daemon -I/home/stumble/learn/ndn/NFD/build -I/home/stumble/learn/ndn/NFD -I/usr/local/include -I/usr/include -DNDEBUG -DHAVE_NDN_CXX=1 -DBOOST_LOG_DYN_LINK ../daemon/mgmt/tables-config-section.cpp -c -o /home/stumble/learn/ndn/NFD/build/daemon/mgmt/tables-config-section.cpp.3.o
[133/143] Compiling daemon/mgmt/face-manager.cpp
15:45:32 [35mrunner[0m (exec) clang++ -O2 -g -pedantic -Wall -Wextra -Wno-unused-parameter -fcolor-diagnostics -Wno-unused-local-typedef -std=c++11 -pthread -pthread -pthread -include /home/stumble/learn/ndn/NFD/build/core-objects.2 -I/home/stumble/learn/ndn/NFD/build/daemon -I/home/stumble/learn/ndn/NFD/daemon -I/home/stumble/learn/ndn/NFD/build -I/home/stumble/learn/ndn/NFD -I/usr/local/include -I/usr/include -DNDEBUG -DHAVE_NDN_CXX=1 -DBOOST_LOG_DYN_LINK ../daemon/mgmt/face-manager.cpp -c -o /home/stumble/learn/ndn/NFD/build/daemon/mgmt/face-manager.cpp.3.o
[134/143] Compiling daemon/table/pit-out-record.cpp
15:45:32 [35mrunner[0m (exec) clang++ -O2 -g -pedantic -Wall -Wextra -Wno-unused-parameter -fcolor-diagnostics -Wno-unused-local-typedef -std=c++11 -pthread -pthread -pthread -include /home/stumble/learn/ndn/NFD/build/core-objects.2 -I/home/stumble/learn/ndn/NFD/build/daemon -I/home/stumble/learn/ndn/NFD/daemon -I/home/stumble/learn/ndn/NFD/build -I/home/stumble/learn/ndn/NFD -I/usr/local/include -I/usr/include -DNDEBUG -DHAVE_NDN_CXX=1 -DBOOST_LOG_DYN_LINK ../daemon/table/pit-out-record.cpp -c -o /home/stumble/learn/ndn/NFD/build/daemon/table/pit-out-record.cpp.3.o
[135/143] Compiling rib/route.cpp
15:45:34 [35mrunner[0m (exec) clang++ -O2 -g -pedantic -Wall -Wextra -Wno-unused-parameter -fcolor-diagnostics -Wno-unused-local-typedef -std=c++11 -pthread -pthread -pthread -include /home/stumble/learn/ndn/NFD/build/core-objects.2 -I/home/stumble/learn/ndn/NFD/build -I/home/stumble/learn/ndn/NFD -I/usr/local/include -I/usr/include -DNDEBUG -DHAVE_NDN_CXX=1 -DBOOST_LOG_DYN_LINK ../rib/route.cpp -c -o /home/stumble/learn/ndn/NFD/build/rib/route.cpp.4.o
[136/143] Compiling rib/readvertise/nfd-rib-readvertise-destination.cpp
15:45:34 [35mrunner[0m (exec) clang++ -O2 -g -pedantic -Wall -Wextra -Wno-unused-parameter -fcolor-diagnostics -Wno-unused-local-typedef -std=c++11 -pthread -pthread -pthread -include /home/stumble/learn/ndn/NFD/build/core-objects.2 -I/home/stumble/learn/ndn/NFD/build -I/home/stumble/learn/ndn/NFD -I/usr/local/include -I/usr/include -DNDEBUG -DHAVE_NDN_CXX=1 -DBOOST_LOG_DYN_LINK ../rib/readvertise/nfd-rib-readvertise-destination.cpp -c -o /home/stumble/learn/ndn/NFD/build/rib/readvertise/nfd-rib-readvertise-destination.cpp.4.o
[137/143] Compiling daemon/table/cs-entry-impl.cpp
15:45:35 [35mrunner[0m (exec) clang++ -O2 -g -pedantic -Wall -Wextra -Wno-unused-parameter -fcolor-diagnostics -Wno-unused-local-typedef -std=c++11 -pthread -pthread -pthread -include /home/stumble/learn/ndn/NFD/build/core-objects.2 -I/home/stumble/learn/ndn/NFD/build/daemon -I/home/stumble/learn/ndn/NFD/daemon -I/home/stumble/learn/ndn/NFD/build -I/home/stumble/learn/ndn/NFD -I/usr/local/include -I/usr/include -DNDEBUG -DHAVE_NDN_CXX=1 -DBOOST_LOG_DYN_LINK ../daemon/table/cs-entry-impl.cpp -c -o /home/stumble/learn/ndn/NFD/build/daemon/table/cs-entry-impl.cpp.3.o
[138/143] Compiling tools/nfdc/face-id-fetcher.cpp
15:45:36 [35mrunner[0m (exec) clang++ -O2 -g -pedantic -Wall -Wextra -Wno-unused-parameter -fcolor-diagnostics -Wno-unused-local-typedef -std=c++11 -pthread -pthread -pthread -include /home/stumble/learn/ndn/NFD/build/core-objects.2 -I/home/stumble/learn/ndn/NFD/build/tools/nfdc -I/home/stumble/learn/ndn/NFD/tools/nfdc -I/home/stumble/learn/ndn/NFD/build -I/home/stumble/learn/ndn/NFD -I/usr/local/include -I/usr/include -DNDEBUG -DHAVE_NDN_CXX=1 -DBOOST_LOG_DYN_LINK ../tools/nfdc/face-id-fetcher.cpp -c -o /home/stumble/learn/ndn/NFD/build/tools/nfdc/face-id-fetcher.cpp.5.o
[139/143] Linking build/bin/ndn-autoconfig-server
15:45:36 [35mrunner[0m (exec) clang++ -pthread -pthread -pthread tools/ndn-autoconfig-server.cpp.1.o core/city-hash.cpp.2.o core/config-file.cpp.2.o core/global-io.cpp.2.o core/manager-base.cpp.2.o core/network-interface-predicate.cpp.2.o core/network-interface.cpp.2.o core/network.cpp.2.o core/privilege-helper.cpp.2.o core/random.cpp.2.o core/scheduler.cpp.2.o core/logger-factory.cpp.2.o core/logger.cpp.2.o -o /home/stumble/learn/ndn/NFD/build/bin/ndn-autoconfig-server -Wl,-Bstatic -L/usr/lib/x86_64-linux-gnu -Wl,-Bdynamic -L/usr/local/lib -L/usr/lib/x86_64-linux-gnu -lndn-cxx -lboost_system -lboost_filesystem -lboost_date_time -lboost_iostreams -lboost_regex -lboost_program_options -lboost_chrono -lboost_thread -lboost_log -lboost_log_setup -lcryptopp -lssl -lcrypto -lsqlite3 -lrt -lpthread -lboost_system -lboost_chrono -lboost_program_options -lboost_thread -lboost_log -lboost_log_setup -lrt -lresolv
[140/143] Linking build/bin/nfd-autoreg
15:45:37 [35mrunner[0m (exec) clang++ -pthread -pthread -pthread tools/nfd-autoreg.cpp.2.o core/city-hash.cpp.2.o core/config-file.cpp.2.o core/global-io.cpp.2.o core/manager-base.cpp.2.o core/network-interface-predicate.cpp.2.o core/network-interface.cpp.2.o core/network.cpp.2.o core/privilege-helper.cpp.2.o core/random.cpp.2.o core/scheduler.cpp.2.o core/logger-factory.cpp.2.o core/logger.cpp.2.o -o /home/stumble/learn/ndn/NFD/build/bin/nfd-autoreg -Wl,-Bstatic -L/usr/lib/x86_64-linux-gnu -Wl,-Bdynamic -L/usr/local/lib -L/usr/lib/x86_64-linux-gnu -lndn-cxx -lboost_system -lboost_filesystem -lboost_date_time -lboost_iostreams -lboost_regex -lboost_program_options -lboost_chrono -lboost_thread -lboost_log -lboost_log_setup -lcryptopp -lssl -lcrypto -lsqlite3 -lrt -lpthread -lboost_system -lboost_chrono -lboost_program_options -lboost_thread -lboost_log -lboost_log_setup -lrt -lresolv
[141/143] Linking build/bin/ndn-autoconfig
15:45:38 [35mrunner[0m (exec) clang++ -pthread -pthread -pthread tools/ndn-autoconfig/main.cpp.4.o tools/ndn-autoconfig/base-dns.cpp.3.o tools/ndn-autoconfig/base.cpp.3.o tools/ndn-autoconfig/guess-from-identity-name.cpp.3.o tools/ndn-autoconfig/guess-from-search-domains.cpp.3.o tools/ndn-autoconfig/multicast-discovery.cpp.3.o tools/ndn-autoconfig/ndn-fch-discovery.cpp.3.o core/city-hash.cpp.2.o core/config-file.cpp.2.o core/global-io.cpp.2.o core/manager-base.cpp.2.o core/network-interface-predicate.cpp.2.o core/network-interface.cpp.2.o core/network.cpp.2.o core/privilege-helper.cpp.2.o core/random.cpp.2.o core/scheduler.cpp.2.o core/logger-factory.cpp.2.o core/logger.cpp.2.o -o /home/stumble/learn/ndn/NFD/build/bin/ndn-autoconfig -Wl,-Bstatic -L/usr/lib/x86_64-linux-gnu -Wl,-Bdynamic -L/usr/local/lib -L/usr/lib/x86_64-linux-gnu -lndn-cxx -lboost_system -lboost_filesystem -lboost_date_time -lboost_iostreams -lboost_regex -lboost_program_options -lboost_chrono -lboost_thread -lboost_log -lboost_log_setup -lcryptopp -lssl -lcrypto -lsqlite3 -lrt -lpthread -lboost_system -lboost_chrono -lboost_program_options -lboost_thread -lboost_log -lboost_log_setup -lrt -lresolv
[142/143] Linking build/bin/nfdc
15:45:41 [35mrunner[0m (exec) clang++ -pthread -pthread -pthread tools/nfdc/main.cpp.6.o tools/nfdc/available-commands.cpp.5.o tools/nfdc/channel-module.cpp.5.o tools/nfdc/command-definition.cpp.5.o tools/nfdc/command-parser.cpp.5.o tools/nfdc/face-id-fetcher.cpp.5.o tools/nfdc/face-module.cpp.5.o tools/nfdc/fib-module.cpp.5.o tools/nfdc/format-helpers.cpp.5.o tools/nfdc/forwarder-general-module.cpp.5.o tools/nfdc/help.cpp.5.o tools/nfdc/legacy-nfdc.cpp.5.o tools/nfdc/legacy-status.cpp.5.o tools/nfdc/rib-module.cpp.5.o tools/nfdc/status-report.cpp.5.o tools/nfdc/status.cpp.5.o tools/nfdc/strategy-choice-module.cpp.5.o core/city-hash.cpp.2.o core/config-file.cpp.2.o core/global-io.cpp.2.o core/manager-base.cpp.2.o core/network-interface-predicate.cpp.2.o core/network-interface.cpp.2.o core/network.cpp.2.o core/privilege-helper.cpp.2.o core/random.cpp.2.o core/scheduler.cpp.2.o core/logger-factory.cpp.2.o core/logger.cpp.2.o -o /home/stumble/learn/ndn/NFD/build/bin/nfdc -Wl,-Bstatic -L/usr/lib/x86_64-linux-gnu -Wl,-Bdynamic -L/usr/local/lib -L/usr/lib/x86_64-linux-gnu -lndn-cxx -lboost_system -lboost_filesystem -lboost_date_time -lboost_iostreams -lboost_regex -lboost_program_options -lboost_chrono -lboost_thread -lboost_log -lboost_log_setup -lcryptopp -lssl -lcrypto -lsqlite3 -lrt -lpthread -lboost_system -lboost_chrono -lboost_program_options -lboost_thread -lboost_log -lboost_log_setup -lrt -lresolv
[143/143] Linking build/bin/nfd
15:45:41 [35mrunner[0m (exec) clang++ -pthread -pthread -pthread daemon/main.cpp.5.o daemon/face/channel.cpp.3.o daemon/face/face-counters.cpp.3.o daemon/face/face-system.cpp.3.o daemon/face/face.cpp.3.o daemon/face/generic-link-service.cpp.3.o daemon/face/internal-face.cpp.3.o daemon/face/internal-transport.cpp.3.o daemon/face/link-service.cpp.3.o daemon/face/lp-fragmenter.cpp.3.o daemon/face/lp-reassembler.cpp.3.o daemon/face/multicast-udp-transport.cpp.3.o daemon/face/null-face.cpp.3.o daemon/face/protocol-factory.cpp.3.o daemon/face/tcp-channel.cpp.3.o daemon/face/tcp-factory.cpp.3.o daemon/face/tcp-transport.cpp.3.o daemon/face/transport.cpp.3.o daemon/face/udp-channel.cpp.3.o daemon/face/udp-factory.cpp.3.o daemon/face/udp-protocol.cpp.3.o daemon/face/unicast-udp-transport.cpp.3.o daemon/fw/access-strategy.cpp.3.o daemon/fw/algorithm.cpp.3.o daemon/fw/asf-measurements.cpp.3.o daemon/fw/asf-probing-module.cpp.3.o daemon/fw/asf-strategy.cpp.3.o daemon/fw/best-route-strategy.cpp.3.o daemon/fw/best-route-strategy2.cpp.3.o daemon/fw/client-control-strategy.cpp.3.o daemon/fw/face-table.cpp.3.o daemon/fw/forwarder.cpp.3.o daemon/fw/multicast-strategy.cpp.3.o daemon/fw/ncc-strategy.cpp.3.o daemon/fw/retx-suppression-exponential.cpp.3.o daemon/fw/retx-suppression-fixed.cpp.3.o daemon/fw/retx-suppression.cpp.3.o daemon/fw/rtt-estimator.cpp.3.o daemon/fw/strategy.cpp.3.o daemon/fw/unsolicited-data-policy.cpp.3.o daemon/mgmt/command-authenticator.cpp.3.o daemon/mgmt/face-manager.cpp.3.o daemon/mgmt/fib-manager.cpp.3.o daemon/mgmt/forwarder-status-manager.cpp.3.o daemon/mgmt/general-config-section.cpp.3.o daemon/mgmt/nfd-manager-base.cpp.3.o daemon/mgmt/strategy-choice-manager.cpp.3.o daemon/mgmt/tables-config-section.cpp.3.o daemon/nfd.cpp.3.o daemon/table/cleanup.cpp.3.o daemon/table/cs-entry-impl.cpp.3.o daemon/table/cs-entry.cpp.3.o daemon/table/cs-policy-lru.cpp.3.o daemon/table/cs-policy-priority-fifo.cpp.3.o daemon/table/cs-policy.cpp.3.o daemon/table/cs.cpp.3.o daemon/table/dead-nonce-list.cpp.3.o daemon/table/fib-entry.cpp.3.o daemon/table/fib-nexthop.cpp.3.o daemon/table/fib.cpp.3.o daemon/table/measurements-accessor.cpp.3.o daemon/table/measurements-entry.cpp.3.o daemon/table/measurements.cpp.3.o daemon/table/name-tree-entry.cpp.3.o daemon/table/name-tree-hashtable.cpp.3.o daemon/table/name-tree-iterator.cpp.3.o daemon/table/name-tree.cpp.3.o daemon/table/network-region-table.cpp.3.o daemon/table/pit-entry.cpp.3.o daemon/table/pit-face-record.cpp.3.o daemon/table/pit-in-record.cpp.3.o daemon/table/pit-iterator.cpp.3.o daemon/table/pit-out-record.cpp.3.o daemon/table/pit.cpp.3.o daemon/table/strategy-choice-entry.cpp.3.o daemon/table/strategy-choice.cpp.3.o daemon/table/strategy-info-host.cpp.3.o daemon/face/unix-stream-channel.cpp.3.o daemon/face/unix-stream-factory.cpp.3.o daemon/face/unix-stream-transport.cpp.3.o rib/auto-prefix-propagator.cpp.4.o rib/fib-update.cpp.4.o rib/fib-updater.cpp.4.o rib/propagated-entry.cpp.4.o rib/readvertise/nfd-rib-readvertise-destination.cpp.4.o rib/readvertise/readvertised-route.cpp.4.o rib/rib-entry.cpp.4.o rib/rib-manager.cpp.4.o rib/rib-update-batch.cpp.4.o rib/rib-update.cpp.4.o rib/rib.cpp.4.o rib/route.cpp.4.o rib/service.cpp.4.o core/city-hash.cpp.2.o core/config-file.cpp.2.o core/global-io.cpp.2.o core/manager-base.cpp.2.o core/network-interface-predicate.cpp.2.o core/network-interface.cpp.2.o core/network.cpp.2.o core/privilege-helper.cpp.2.o core/random.cpp.2.o core/scheduler.cpp.2.o core/logger-factory.cpp.2.o core/logger.cpp.2.o -o /home/stumble/learn/ndn/NFD/build/bin/nfd -Wl,-Bstatic -L/usr/lib/x86_64-linux-gnu -Wl,-Bdynamic -L/usr/local/lib -L/usr/lib/x86_64-linux-gnu -lndn-cxx -lboost_system -lboost_filesystem -lboost_date_time -lboost_iostreams -lboost_regex -lboost_program_options -lboost_chrono -lboost_thread -lboost_log -lboost_log_setup -lcryptopp -lssl -lcrypto -lsqlite3 -lrt -lpthread -lboost_system -lboost_chrono -lboost_program_options -lboost_thread -lboost_log -lboost_log_setup -lrt
Waf: Leaving directory `/home/stumble/learn/ndn/NFD/build'
'build' finished successfully (1m53.855s)
